[27-Mar-2018 05:07:44 UTC] PHP Notice:  Array to string conversion in /home/ubuntu/workspace/Projects/GroupProject1/index.php on line 57
[27-Mar-2018 05:07:44 UTC] PHP Notice:  Undefined index: Model in /home/ubuntu/workspace/Projects/GroupProject1/index.php on line 61
[27-Mar-2018 05:07:44 UTC] PHP Notice:  Undefined index: Unlocked in /home/ubuntu/workspace/Projects/GroupProject1/index.php on line 62
[27-Mar-2018 05:07:44 UTC] PHP Notice:  Undefined index: Cores in /home/ubuntu/workspace/Projects/GroupProject1/index.php on line 63
[27-Mar-2018 05:07:44 UTC] PHP Notice:  Undefined variable: table_str in /home/ubuntu/workspace/Projects/GroupProject1/index.php on line 91
[27-Mar-2018 05:07:44 UTC] PHP Notice:  Undefined variable: table_str2 in /home/ubuntu/workspace/Projects/GroupProject1/index.php on line 123
[27-Mar-2018 05:07:44 UTC] PHP Notice:  Undefined variable: table_str3 in /home/ubuntu/workspace/Projects/GroupProject1/index.php on line 152
[27-Mar-2018 05:07:44 UTC] PHP Notice:  Undefined index: products in /home/ubuntu/workspace/Projects/GroupProject1/index.php on line 190
[27-Mar-2018 05:07:44 UTC] PHP Warning:  Invalid argument supplied for foreach() in /home/ubuntu/workspace/Projects/GroupProject1/index.php on line 190
[27-Mar-2018 05:07:48 UTC] PHP Notice:  Array to string conversion in /home/ubuntu/workspace/Projects/GroupProject1/index.php on line 57
[27-Mar-2018 05:07:48 UTC] PHP Notice:  Undefined index: Model in /home/ubuntu/workspace/Projects/GroupProject1/index.php on line 61
[27-Mar-2018 05:07:48 UTC] PHP Notice:  Undefined index: Unlocked in /home/ubuntu/workspace/Projects/GroupProject1/index.php on line 62
[27-Mar-2018 05:07:48 UTC] PHP Notice:  Undefined index: Cores in /home/ubuntu/workspace/Projects/GroupProject1/index.php on line 63
[27-Mar-2018 05:07:48 UTC] PHP Notice:  Undefined variable: table_str in /home/ubuntu/workspace/Projects/GroupProject1/index.php on line 91
[27-Mar-2018 05:07:48 UTC] PHP Notice:  Undefined variable: table_str2 in /home/ubuntu/workspace/Projects/GroupProject1/index.php on line 123
[27-Mar-2018 05:07:48 UTC] PHP Notice:  Undefined variable: table_str3 in /home/ubuntu/workspace/Projects/GroupProject1/index.php on line 152
[27-Mar-2018 05:07:50 UTC] PHP Notice:  Undefined variable: table_str in /home/ubuntu/workspace/Projects/GroupProject1/cart.php on line 16
[27-Mar-2018 05:09:02 UTC] PHP Notice:  Array to string conversion in /home/ubuntu/workspace/Projects/GroupProject1/index.php on line 57
[27-Mar-2018 05:09:02 UTC] PHP Notice:  Undefined index: Model in /home/ubuntu/workspace/Projects/GroupProject1/index.php on line 61
[27-Mar-2018 05:09:02 UTC] PHP Notice:  Undefined index: Unlocked in /home/ubuntu/workspace/Projects/GroupProject1/index.php on line 62
[27-Mar-2018 05:09:02 UTC] PHP Notice:  Undefined index: Cores in /home/ubuntu/workspace/Projects/GroupProject1/index.php on line 63
[27-Mar-2018 05:09:02 UTC] PHP Notice:  Undefined variable: table_str in /home/ubuntu/workspace/Projects/GroupProject1/index.php on line 91
[27-Mar-2018 05:09:02 UTC] PHP Notice:  Undefined variable: table_str2 in /home/ubuntu/workspace/Projects/GroupProject1/index.php on line 123
[27-Mar-2018 05:09:02 UTC] PHP Notice:  Undefined variable: table_str3 in /home/ubuntu/workspace/Projects/GroupProject1/index.php on line 152
[27-Mar-2018 05:09:02 UTC] PHP Notice:  Undefined index: products in /home/ubuntu/workspace/Projects/GroupProject1/index.php on line 190
[27-Mar-2018 05:09:02 UTC] PHP Warning:  Invalid argument supplied for foreach() in /home/ubuntu/workspace/Projects/GroupProject1/index.php on line 190
[30-Apr-2018 18:05:29 UTC] PHP Warning:  include(functions.php): failed to open stream: No such file or directory in /home/ubuntu/workspace/Projects/Kahoot/Index.php on line 2
[30-Apr-2018 18:05:29 UTC] PHP Warning:  include(): Failed opening 'functions.php' for inclusion (include_path='.:/usr/share/php') in /home/ubuntu/workspace/Projects/Kahoot/Index.php on line 2
[30-Apr-2018 18:05:29 UTC] PHP Fatal error:  Uncaught Error: Call to undefined function isLoggedIn() in /home/ubuntu/workspace/Projects/Kahoot/Index.php:3
Stack trace:
#0 {main}
  thrown in /home/ubuntu/workspace/Projects/Kahoot/Index.php on line 3
[30-Apr-2018 18:05:31 UTC] PHP Warning:  include(functions.php): failed to open stream: No such file or directory in /home/ubuntu/workspace/Projects/Kahoot/Index.php on line 2
[30-Apr-2018 18:05:31 UTC] PHP Warning:  include(): Failed opening 'functions.php' for inclusion (include_path='.:/usr/share/php') in /home/ubuntu/workspace/Projects/Kahoot/Index.php on line 2
[30-Apr-2018 18:05:31 UTC] PHP Fatal error:  Uncaught Error: Call to undefined function isLoggedIn() in /home/ubuntu/workspace/Projects/Kahoot/Index.php:3
Stack trace:
#0 {main}
  thrown in /home/ubuntu/workspace/Projects/Kahoot/Index.php on line 3
[30-Apr-2018 18:05:33 UTC] PHP Warning:  include(functions.php): failed to open stream: No such file or directory in /home/ubuntu/workspace/Projects/Kahoot/Index.php on line 2
[30-Apr-2018 18:05:33 UTC] PHP Warning:  include(): Failed opening 'functions.php' for inclusion (include_path='.:/usr/share/php') in /home/ubuntu/workspace/Projects/Kahoot/Index.php on line 2
[30-Apr-2018 18:05:33 UTC] PHP Fatal error:  Uncaught Error: Call to undefined function isLoggedIn() in /home/ubuntu/workspace/Projects/Kahoot/Index.php:3
Stack trace:
#0 {main}
  thrown in /home/ubuntu/workspace/Projects/Kahoot/Index.php on line 3
[30-Apr-2018 18:05:34 UTC] PHP Warning:  include(functions.php): failed to open stream: No such file or directory in /home/ubuntu/workspace/Projects/Kahoot/Index.php on line 2
[30-Apr-2018 18:05:34 UTC] PHP Warning:  include(): Failed opening 'functions.php' for inclusion (include_path='.:/usr/share/php') in /home/ubuntu/workspace/Projects/Kahoot/Index.php on line 2
[30-Apr-2018 18:05:34 UTC] PHP Fatal error:  Uncaught Error: Call to undefined function isLoggedIn() in /home/ubuntu/workspace/Projects/Kahoot/Index.php:3
Stack trace:
#0 {main}
  thrown in /home/ubuntu/workspace/Projects/Kahoot/Index.php on line 3
[30-Apr-2018 18:05:35 UTC] PHP Warning:  include(functions.php): failed to open stream: No such file or directory in /home/ubuntu/workspace/Projects/Kahoot/Index.php on line 2
[30-Apr-2018 18:05:35 UTC] PHP Warning:  include(): Failed opening 'functions.php' for inclusion (include_path='.:/usr/share/php') in /home/ubuntu/workspace/Projects/Kahoot/Index.php on line 2
[30-Apr-2018 18:05:35 UTC] PHP Fatal error:  Uncaught Error: Call to undefined function isLoggedIn() in /home/ubuntu/workspace/Projects/Kahoot/Index.php:3
Stack trace:
#0 {main}
  thrown in /home/ubuntu/workspace/Projects/Kahoot/Index.php on line 3
[30-Apr-2018 18:05:38 UTC] PHP Warning:  include(functions.php): failed to open stream: No such file or directory in /home/ubuntu/workspace/Projects/Kahoot/Index.php on line 2
[30-Apr-2018 18:05:38 UTC] PHP Warning:  include(): Failed opening 'functions.php' for inclusion (include_path='.:/usr/share/php') in /home/ubuntu/workspace/Projects/Kahoot/Index.php on line 2
[30-Apr-2018 18:05:38 UTC] PHP Fatal error:  Uncaught Error: Call to undefined function isLoggedIn() in /home/ubuntu/workspace/Projects/Kahoot/Index.php:3
Stack trace:
#0 {main}
  thrown in /home/ubuntu/workspace/Projects/Kahoot/Index.php on line 3
[30-Apr-2018 18:06:04 UTC] PHP Warning:  include(functions.php): failed to open stream: No such file or directory in /home/ubuntu/workspace/Projects/Kahoot/Index.php on line 2
[30-Apr-2018 18:06:04 UTC] PHP Warning:  include(): Failed opening 'functions.php' for inclusion (include_path='.:/usr/share/php') in /home/ubuntu/workspace/Projects/Kahoot/Index.php on line 2
[30-Apr-2018 18:06:04 UTC] PHP Fatal error:  Uncaught Error: Call to undefined function isLoggedIn() in /home/ubuntu/workspace/Projects/Kahoot/Index.php:3
Stack trace:
#0 {main}
  thrown in /home/ubuntu/workspace/Projects/Kahoot/Index.php on line 3
[30-Apr-2018 18:06:06 UTC] PHP Warning:  include(functions.php): failed to open stream: No such file or directory in /home/ubuntu/workspace/Projects/Kahoot/Index.php on line 2
[30-Apr-2018 18:06:06 UTC] PHP Warning:  include(): Failed opening 'functions.php' for inclusion (include_path='.:/usr/share/php') in /home/ubuntu/workspace/Projects/Kahoot/Index.php on line 2
[30-Apr-2018 18:06:06 UTC] PHP Fatal error:  Uncaught Error: Call to undefined function isLoggedIn() in /home/ubuntu/workspace/Projects/Kahoot/Index.php:3
Stack trace:
#0 {main}
  thrown in /home/ubuntu/workspace/Projects/Kahoot/Index.php on line 3
[30-Apr-2018 18:06:07 UTC] PHP Warning:  include(functions.php): failed to open stream: No such file or directory in /home/ubuntu/workspace/Projects/Kahoot/Index.php on line 2
[30-Apr-2018 18:06:07 UTC] PHP Warning:  include(): Failed opening 'functions.php' for inclusion (include_path='.:/usr/share/php') in /home/ubuntu/workspace/Projects/Kahoot/Index.php on line 2
[30-Apr-2018 18:06:07 UTC] PHP Fatal error:  Uncaught Error: Call to undefined function isLoggedIn() in /home/ubuntu/workspace/Projects/Kahoot/Index.php:3
Stack trace:
#0 {main}
  thrown in /home/ubuntu/workspace/Projects/Kahoot/Index.php on line 3
[30-Apr-2018 18:06:08 UTC] PHP Warning:  include(functions.php): failed to open stream: No such file or directory in /home/ubuntu/workspace/Projects/Kahoot/Index.php on line 2
[30-Apr-2018 18:06:08 UTC] PHP Warning:  include(): Failed opening 'functions.php' for inclusion (include_path='.:/usr/share/php') in /home/ubuntu/workspace/Projects/Kahoot/Index.php on line 2
[30-Apr-2018 18:06:08 UTC] PHP Fatal error:  Uncaught Error: Call to undefined function isLoggedIn() in /home/ubuntu/workspace/Projects/Kahoot/Index.php:3
Stack trace:
#0 {main}
  thrown in /home/ubuntu/workspace/Projects/Kahoot/Index.php on line 3
[30-Apr-2018 18:06:11 UTC] PHP Warning:  include(functions.php): failed to open stream: No such file or directory in /home/ubuntu/workspace/Projects/Kahoot/Index.php on line 2
[30-Apr-2018 18:06:11 UTC] PHP Warning:  include(): Failed opening 'functions.php' for inclusion (include_path='.:/usr/share/php') in /home/ubuntu/workspace/Projects/Kahoot/Index.php on line 2
[30-Apr-2018 18:06:11 UTC] PHP Fatal error:  Uncaught Error: Call to undefined function isLoggedIn() in /home/ubuntu/workspace/Projects/Kahoot/Index.php:3
Stack trace:
#0 {main}
  thrown in /home/ubuntu/workspace/Projects/Kahoot/Index.php on line 3
[30-Apr-2018 18:06:45 UTC] PHP Warning:  include(functions.php): failed to open stream: No such file or directory in /home/ubuntu/workspace/Projects/Kahoot/index.php on line 2
[30-Apr-2018 18:06:45 UTC] PHP Warning:  include(): Failed opening 'functions.php' for inclusion (include_path='.:/usr/share/php') in /home/ubuntu/workspace/Projects/Kahoot/index.php on line 2
[30-Apr-2018 18:06:45 UTC] PHP Fatal error:  Uncaught Error: Call to undefined function isLoggedIn() in /home/ubuntu/workspace/Projects/Kahoot/index.php:3
Stack trace:
#0 {main}
  thrown in /home/ubuntu/workspace/Projects/Kahoot/index.php on line 3
[30-Apr-2018 18:06:48 UTC] PHP Warning:  include(functions.php): failed to open stream: No such file or directory in /home/ubuntu/workspace/Projects/Kahoot/index.php on line 2
[30-Apr-2018 18:06:48 UTC] PHP Warning:  include(): Failed opening 'functions.php' for inclusion (include_path='.:/usr/share/php') in /home/ubuntu/workspace/Projects/Kahoot/index.php on line 2
[30-Apr-2018 18:06:48 UTC] PHP Fatal error:  Uncaught Error: Call to undefined function isLoggedIn() in /home/ubuntu/workspace/Projects/Kahoot/index.php:3
Stack trace:
#0 {main}
  thrown in /home/ubuntu/workspace/Projects/Kahoot/index.php on line 3
[30-Apr-2018 18:06:49 UTC] PHP Warning:  include(functions.php): failed to open stream: No such file or directory in /home/ubuntu/workspace/Projects/Kahoot/index.php on line 2
[30-Apr-2018 18:06:49 UTC] PHP Warning:  include(): Failed opening 'functions.php' for inclusion (include_path='.:/usr/share/php') in /home/ubuntu/workspace/Projects/Kahoot/index.php on line 2
[30-Apr-2018 18:06:49 UTC] PHP Fatal error:  Uncaught Error: Call to undefined function isLoggedIn() in /home/ubuntu/workspace/Projects/Kahoot/index.php:3
Stack trace:
#0 {main}
  thrown in /home/ubuntu/workspace/Projects/Kahoot/index.php on line 3
[30-Apr-2018 18:07:25 UTC] PHP Warning:  include(functions.php): failed to open stream: No such file or directory in /home/ubuntu/workspace/Projects/Kahoot/index.php on line 2
[30-Apr-2018 18:07:25 UTC] PHP Warning:  include(): Failed opening 'functions.php' for inclusion (include_path='.:/usr/share/php') in /home/ubuntu/workspace/Projects/Kahoot/index.php on line 2
[06-May-2018 17:57:32 UTC] PHP Notice:  Use of undefined constant console - assumed 'console' in /home/ubuntu/workspace/Projects/Kahoot/api/connection.php on line 22
[06-May-2018 17:57:32 UTC] PHP Warning:  log() expects parameter 1 to be float, string given in /home/ubuntu/workspace/Projects/Kahoot/api/connection.php on line 22
[07-May-2018 01:52:34 UTC] PHP Notice:  Undefined index: firstname in /home/ubuntu/workspace/Projects/Kahoot/functions.php on line 166
[07-May-2018 01:52:34 UTC] PHP Notice:  Undefined index: lastname in /home/ubuntu/workspace/Projects/Kahoot/functions.php on line 167
[07-May-2018 01:52:53 UTC] PHP Notice:  Undefined index: firstname in /home/ubuntu/workspace/Projects/Kahoot/functions.php on line 166
[07-May-2018 01:52:53 UTC] PHP Notice:  Undefined index: lastname in /home/ubuntu/workspace/Projects/Kahoot/functions.php on line 167
[07-May-2018 01:53:01 UTC] PHP Notice:  Undefined index: firstname in /home/ubuntu/workspace/Projects/Kahoot/functions.php on line 166
[07-May-2018 01:53:01 UTC] PHP Notice:  Undefined index: lastname in /home/ubuntu/workspace/Projects/Kahoot/functions.php on line 167
[07-May-2018 01:53:21 UTC] PHP Notice:  Undefined index: firstname in /home/ubuntu/workspace/Projects/Kahoot/functions.php on line 166
[07-May-2018 01:53:21 UTC] PHP Notice:  Undefined index: lastname in /home/ubuntu/workspace/Projects/Kahoot/functions.php on line 167
[07-May-2018 01:53:25 UTC] PHP Notice:  Undefined index: firstname in /home/ubuntu/workspace/Projects/Kahoot/functions.php on line 166
[07-May-2018 01:53:25 UTC] PHP Notice:  Undefined index: lastname in /home/ubuntu/workspace/Projects/Kahoot/functions.php on line 167
[07-May-2018 01:53:33 UTC] PHP Notice:  Undefined index: firstname in /home/ubuntu/workspace/Projects/Kahoot/functions.php on line 166
[07-May-2018 01:53:33 UTC] PHP Notice:  Undefined index: lastname in /home/ubuntu/workspace/Projects/Kahoot/functions.php on line 167
[07-May-2018 01:53:37 UTC] PHP Notice:  Undefined index: firstname in /home/ubuntu/workspace/Projects/Kahoot/functions.php on line 166
[07-May-2018 01:53:37 UTC] PHP Notice:  Undefined index: lastname in /home/ubuntu/workspace/Projects/Kahoot/functions.php on line 167
[07-May-2018 01:53:44 UTC] PHP Notice:  Undefined index: firstname in /home/ubuntu/workspace/Projects/Kahoot/functions.php on line 166
[07-May-2018 01:53:44 UTC] PHP Notice:  Undefined index: lastname in /home/ubuntu/workspace/Projects/Kahoot/functions.php on line 167
[07-May-2018 01:54:58 UTC] PHP Notice:  Undefined index: firstname in /home/ubuntu/workspace/Projects/Kahoot/functions.php on line 165
[07-May-2018 01:54:58 UTC] PHP Notice:  Undefined index: lastname in /home/ubuntu/workspace/Projects/Kahoot/functions.php on line 166
[07-May-2018 01:55:03 UTC] PHP Notice:  Undefined index: firstname in /home/ubuntu/workspace/Projects/Kahoot/functions.php on line 165
[07-May-2018 01:55:03 UTC] PHP Notice:  Undefined index: lastname in /home/ubuntu/workspace/Projects/Kahoot/functions.php on line 166
[07-May-2018 01:56:17 UTC] PHP Notice:  Undefined index: firstname in /home/ubuntu/workspace/Projects/Kahoot/functions.php on line 165
[07-May-2018 01:56:17 UTC] PHP Notice:  Undefined index: lastname in /home/ubuntu/workspace/Projects/Kahoot/functions.php on line 166
[07-May-2018 01:56:20 UTC] PHP Notice:  Undefined index: firstname in /home/ubuntu/workspace/Projects/Kahoot/functions.php on line 165
[07-May-2018 01:56:20 UTC] PHP Notice:  Undefined index: lastname in /home/ubuntu/workspace/Projects/Kahoot/functions.php on line 166
[07-May-2018 01:56:57 UTC] PHP Notice:  Undefined index: firstname in /home/ubuntu/workspace/Projects/Kahoot/functions.php on line 165
[07-May-2018 01:56:57 UTC] PHP Notice:  Undefined index: lastname in /home/ubuntu/workspace/Projects/Kahoot/functions.php on line 166
[07-May-2018 01:56:57 UTC] PHP Fatal error:  Uncaught PDOException: SQLSTATE[42S02]: Base table or view not found: 1146 Table 'Kahoot.users' doesn't exist in /home/ubuntu/workspace/Projects/Kahoot/functions.php:182
Stack trace:
#0 /home/ubuntu/workspace/Projects/Kahoot/functions.php(182): PDOStatement->execute(Array)
#1 /home/ubuntu/workspace/Projects/Kahoot/functions.php(155): login()
#2 /home/ubuntu/workspace/Projects/Kahoot/Login.php(1): include('/home/ubuntu/wo...')
#3 {main}
  thrown in /home/ubuntu/workspace/Projects/Kahoot/functions.php on line 182
[08-May-2018 02:27:01 UTC] PHP Notice:  Undefined index: firstname in /home/ubuntu/workspace/Projects/Kahoot/functions.php on line 165
[08-May-2018 02:27:01 UTC] PHP Notice:  Undefined index: lastname in /home/ubuntu/workspace/Projects/Kahoot/functions.php on line 166
[08-May-2018 02:27:01 UTC] PHP Fatal error:  Uncaught PDOException: SQLSTATE[42S02]: Base table or view not found: 1146 Table 'Kahoot.users' doesn't exist in /home/ubuntu/workspace/Projects/Kahoot/functions.php:182
Stack trace:
#0 /home/ubuntu/workspace/Projects/Kahoot/functions.php(182): PDOStatement->execute(Array)
#1 /home/ubuntu/workspace/Projects/Kahoot/functions.php(155): login()
#2 /home/ubuntu/workspace/Projects/Kahoot/Login.php(1): include('/home/ubuntu/wo...')
#3 {main}
  thrown in /home/ubuntu/workspace/Projects/Kahoot/functions.php on line 182
[08-May-2018 02:27:05 UTC] PHP Notice:  Use of undefined constant document - assumed 'document' in /home/ubuntu/workspace/Projects/Kahoot/CreateQuiz.php on line 41
[08-May-2018 02:27:05 UTC] PHP Fatal error:  Uncaught Error: Call to undefined function getElementById() in /home/ubuntu/workspace/Projects/Kahoot/CreateQuiz.php:41
Stack trace:
#0 {main}
  thrown in /home/ubuntu/workspace/Projects/Kahoot/CreateQuiz.php on line 41
[08-May-2018 02:29:29 UTC] PHP Notice:  Undefined index: quizImage in /home/ubuntu/workspace/Projects/Kahoot/CreateQuiz.php on line 42
[08-May-2018 02:30:32 UTC] PHP Notice:  Undefined index: quizImage in /home/ubuntu/workspace/Projects/Kahoot/CreateQuiz.php on line 42
[08-May-2018 02:30:53 UTC] PHP Notice:  Undefined index: title in /home/ubuntu/workspace/Projects/Kahoot/CreateQuiz.php on line 42
[08-May-2018 02:31:54 UTC] PHP Notice:  Undefined index: title in /home/ubuntu/workspace/Projects/Kahoot/CreateQuiz.php on line 43
[08-May-2018 03:14:57 UTC] PHP Notice:  Undefined index: quizImage in /home/ubuntu/workspace/Projects/Kahoot/CreateQuiz.php on line 44
[08-May-2018 03:14:57 UTC] PHP Notice:  Use of undefined constant src - assumed 'src' in /home/ubuntu/workspace/Projects/Kahoot/CreateQuiz.php on line 44
[08-May-2018 03:15:15 UTC] PHP Notice:  Undefined index: quizImage in /home/ubuntu/workspace/Projects/Kahoot/CreateQuiz.php on line 44
[08-May-2018 03:15:15 UTC] PHP Notice:  Use of undefined constant src - assumed 'src' in /home/ubuntu/workspace/Projects/Kahoot/CreateQuiz.php on line 45
[08-May-2018 03:15:22 UTC] PHP Notice:  Undefined index: quizImage in /home/ubuntu/workspace/Projects/Kahoot/CreateQuiz.php on line 44
[08-May-2018 03:15:41 UTC] PHP Notice:  Undefined index: quizImage in /home/ubuntu/workspace/Projects/Kahoot/CreateQuiz.php on line 45
[08-May-2018 03:15:52 UTC] PHP Notice:  Undefined index: quizImage in /home/ubuntu/workspace/Projects/Kahoot/CreateQuiz.php on line 45
[08-May-2018 03:15:52 UTC] PHP Notice:  Use of undefined constant src - assumed 'src' in /home/ubuntu/workspace/Projects/Kahoot/CreateQuiz.php on line 45
[08-May-2018 03:15:57 UTC] PHP Notice:  Undefined index: quizImage in /home/ubuntu/workspace/Projects/Kahoot/CreateQuiz.php on line 45
[08-May-2018 03:16:58 UTC] PHP Notice:  Undefined index: quizImage in /home/ubuntu/workspace/Projects/Kahoot/CreateQuiz.php on line 44
[08-May-2018 03:17:01 UTC] PHP Notice:  Undefined index: quizImage in /home/ubuntu/workspace/Projects/Kahoot/CreateQuiz.php on line 44
[08-May-2018 03:17:08 UTC] PHP Notice:  Undefined index: quizImage in /home/ubuntu/workspace/Projects/Kahoot/CreateQuiz.php on line 44
[08-May-2018 03:17:13 UTC] PHP Notice:  Undefined index: quizImage in /home/ubuntu/workspace/Projects/Kahoot/CreateQuiz.php on line 44
[08-May-2018 03:17:13 UTC] PHP Notice:  Use of undefined constant src - assumed 'src' in /home/ubuntu/workspace/Projects/Kahoot/CreateQuiz.php on line 44
[08-May-2018 03:17:15 UTC] PHP Notice:  Undefined index: quizImage in /home/ubuntu/workspace/Projects/Kahoot/CreateQuiz.php on line 44
[08-May-2018 03:17:15 UTC] PHP Notice:  Use of undefined constant src - assumed 'src' in /home/ubuntu/workspace/Projects/Kahoot/CreateQuiz.php on line 44
[09-May-2018 01:14:53 UTC] PHP Notice:  Undefined index: title in /home/ubuntu/workspace/Projects/Kahoot/CreateQuiz.php on line 43
[09-May-2018 01:14:53 UTC] PHP Notice:  Undefined index: quizImage in /home/ubuntu/workspace/Projects/Kahoot/CreateQuiz.php on line 44
[09-May-2018 01:23:59 UTC] PHP Notice:  Undefined index: title in /home/ubuntu/workspace/Projects/Kahoot/CreateQuiz.php on line 72
[09-May-2018 01:23:59 UTC] PHP Notice:  Undefined index: quizImage in /home/ubuntu/workspace/Projects/Kahoot/CreateQuiz.php on line 73
[09-May-2018 01:24:01 UTC] PHP Warning:  getimagesize(): Filename cannot be empty in /home/ubuntu/workspace/Projects/Kahoot/uploadFile.php on line 8
[09-May-2018 01:24:02 UTC] PHP Notice:  Undefined index: title in /home/ubuntu/workspace/Projects/Kahoot/CreateQuiz.php on line 72
[09-May-2018 01:24:02 UTC] PHP Notice:  Undefined index: quizImage in /home/ubuntu/workspace/Projects/Kahoot/CreateQuiz.php on line 73
[09-May-2018 01:24:03 UTC] PHP Warning:  getimagesize(): Filename cannot be empty in /home/ubuntu/workspace/Projects/Kahoot/uploadFile.php on line 8
[09-May-2018 01:24:07 UTC] PHP Notice:  Undefined index: title in /home/ubuntu/workspace/Projects/Kahoot/CreateQuiz.php on line 72
[09-May-2018 01:24:07 UTC] PHP Notice:  Undefined index: quizImage in /home/ubuntu/workspace/Projects/Kahoot/CreateQuiz.php on line 73
[09-May-2018 01:24:33 UTC] PHP Notice:  Undefined index: title in /home/ubuntu/workspace/Projects/Kahoot/CreateQuiz.php on line 72
[09-May-2018 01:24:33 UTC] PHP Notice:  Undefined index: quizImage in /home/ubuntu/workspace/Projects/Kahoot/CreateQuiz.php on line 73
[09-May-2018 01:24:48 UTC] PHP Notice:  Undefined index: title in /home/ubuntu/workspace/Projects/Kahoot/CreateQuiz.php on line 72
[09-May-2018 01:24:48 UTC] PHP Notice:  Undefined index: quizImage in /home/ubuntu/workspace/Projects/Kahoot/CreateQuiz.php on line 73
[09-May-2018 01:25:11 UTC] PHP Notice:  Undefined index: title in /home/ubuntu/workspace/Projects/Kahoot/CreateQuiz.php on line 52
[09-May-2018 01:25:11 UTC] PHP Notice:  Undefined index: quizImage in /home/ubuntu/workspace/Projects/Kahoot/CreateQuiz.php on line 53
[09-May-2018 01:25:15 UTC] PHP Notice:  Undefined index: fileToUpload in /home/ubuntu/workspace/Projects/Kahoot/uploadFile.php on line 3
[09-May-2018 01:25:15 UTC] PHP Notice:  Undefined index: fileToUpload in /home/ubuntu/workspace/Projects/Kahoot/uploadFile.php on line 24
[09-May-2018 01:25:41 UTC] PHP Notice:  Undefined index: title in /home/ubuntu/workspace/Projects/Kahoot/CreateQuiz.php on line 52
[09-May-2018 01:25:41 UTC] PHP Notice:  Undefined index: quizImage in /home/ubuntu/workspace/Projects/Kahoot/CreateQuiz.php on line 53
[09-May-2018 01:26:04 UTC] PHP Notice:  Undefined index: title in /home/ubuntu/workspace/Projects/Kahoot/CreateQuiz.php on line 52
[09-May-2018 01:26:04 UTC] PHP Notice:  Undefined index: quizImage in /home/ubuntu/workspace/Projects/Kahoot/CreateQuiz.php on line 53
[09-May-2018 01:26:05 UTC] PHP Warning:  getimagesize(): Filename cannot be empty in /home/ubuntu/workspace/Projects/Kahoot/uploadFile.php on line 8
[09-May-2018 01:26:06 UTC] PHP Notice:  Undefined index: title in /home/ubuntu/workspace/Projects/Kahoot/CreateQuiz.php on line 52
[09-May-2018 01:26:06 UTC] PHP Notice:  Undefined index: quizImage in /home/ubuntu/workspace/Projects/Kahoot/CreateQuiz.php on line 53
[09-May-2018 01:31:43 UTC] PHP Notice:  Undefined index: title in /home/ubuntu/workspace/Projects/Kahoot/CreateQuiz.php on line 52
[09-May-2018 01:31:43 UTC] PHP Notice:  Undefined index: quizImage in /home/ubuntu/workspace/Projects/Kahoot/CreateQuiz.php on line 53
[09-May-2018 02:47:45 UTC] PHP Notice:  Undefined index: title in /home/ubuntu/workspace/Projects/Kahoot/CreateQuiz.php on line 52
[09-May-2018 02:47:45 UTC] PHP Notice:  Undefined index: quizImage in /home/ubuntu/workspace/Projects/Kahoot/CreateQuiz.php on line 53
[09-May-2018 02:47:57 UTC] PHP Notice:  Undefined index: title in /home/ubuntu/workspace/Projects/Kahoot/CreateQuiz.php on line 52
[09-May-2018 02:47:57 UTC] PHP Notice:  Undefined index: quizImage in /home/ubuntu/workspace/Projects/Kahoot/CreateQuiz.php on line 53
[09-May-2018 02:48:04 UTC] PHP Notice:  Undefined index: title in /home/ubuntu/workspace/Projects/Kahoot/CreateQuiz.php on line 52
[09-May-2018 02:48:04 UTC] PHP Notice:  Undefined index: quizImage in /home/ubuntu/workspace/Projects/Kahoot/CreateQuiz.php on line 53
[09-May-2018 02:48:08 UTC] PHP Notice:  Undefined index: title in /home/ubuntu/workspace/Projects/Kahoot/CreateQuiz.php on line 52
[09-May-2018 02:48:08 UTC] PHP Notice:  Undefined index: quizImage in /home/ubuntu/workspace/Projects/Kahoot/CreateQuiz.php on line 53
[09-May-2018 02:48:27 UTC] PHP Notice:  Undefined index: title in /home/ubuntu/workspace/Projects/Kahoot/CreateQuiz.php on line 52
[09-May-2018 02:48:27 UTC] PHP Notice:  Undefined index: quizImage in /home/ubuntu/workspace/Projects/Kahoot/CreateQuiz.php on line 53
[09-May-2018 02:49:06 UTC] PHP Notice:  Undefined index: title in /home/ubuntu/workspace/Projects/Kahoot/CreateQuiz.php on line 51
[09-May-2018 02:49:06 UTC] PHP Notice:  Undefined index: quizImage in /home/ubuntu/workspace/Projects/Kahoot/CreateQuiz.php on line 52
[09-May-2018 02:49:39 UTC] PHP Notice:  Undefined index: title in /home/ubuntu/workspace/Projects/Kahoot/CreateQuiz.php on line 50
[09-May-2018 02:49:39 UTC] PHP Notice:  Undefined index: quizImage in /home/ubuntu/workspace/Projects/Kahoot/CreateQuiz.php on line 51
[09-May-2018 02:49:44 UTC] PHP Notice:  Undefined index: title in /home/ubuntu/workspace/Projects/Kahoot/CreateQuiz.php on line 50
[09-May-2018 02:49:44 UTC] PHP Notice:  Undefined index: quizImage in /home/ubuntu/workspace/Projects/Kahoot/CreateQuiz.php on line 51
[09-May-2018 02:51:28 UTC] PHP Notice:  Undefined index: title in /home/ubuntu/workspace/Projects/Kahoot/CreateQuiz.php on line 51
[09-May-2018 02:51:28 UTC] PHP Notice:  Undefined index: quizImage in /home/ubuntu/workspace/Projects/Kahoot/CreateQuiz.php on line 52
[09-May-2018 02:51:50 UTC] PHP Notice:  Undefined index: title in /home/ubuntu/workspace/Projects/Kahoot/CreateQuiz.php on line 50
[09-May-2018 02:51:50 UTC] PHP Notice:  Undefined index: quizImage in /home/ubuntu/workspace/Projects/Kahoot/CreateQuiz.php on line 51
[09-May-2018 02:52:04 UTC] PHP Notice:  Undefined index: title in /home/ubuntu/workspace/Projects/Kahoot/CreateQuiz.php on line 50
[09-May-2018 02:52:04 UTC] PHP Notice:  Undefined index: quizImage in /home/ubuntu/workspace/Projects/Kahoot/CreateQuiz.php on line 51
[09-May-2018 02:52:48 UTC] PHP Notice:  Undefined index: title in /home/ubuntu/workspace/Projects/Kahoot/CreateQuiz.php on line 50
[09-May-2018 02:52:48 UTC] PHP Notice:  Undefined index: quizImage in /home/ubuntu/workspace/Projects/Kahoot/CreateQuiz.php on line 51
[09-May-2018 03:29:37 UTC] PHP Notice:  Undefined index: title in /home/ubuntu/workspace/Projects/Kahoot/CreateQuiz.php on line 49
[09-May-2018 03:29:37 UTC] PHP Notice:  Undefined index: quizImage in /home/ubuntu/workspace/Projects/Kahoot/CreateQuiz.php on line 50
[09-May-2018 03:29:39 UTC] PHP Notice:  Undefined index: title in /home/ubuntu/workspace/Projects/Kahoot/CreateQuiz.php on line 49
[09-May-2018 03:29:39 UTC] PHP Notice:  Undefined index: quizImage in /home/ubuntu/workspace/Projects/Kahoot/CreateQuiz.php on line 50
[12-May-2018 01:00:55 UTC] PHP Notice:  Undefined index: tester2 in /home/ubuntu/workspace/Projects/GroupProject1/index.php on line 57
[12-May-2018 01:00:55 UTC] PHP Notice:  Undefined index: Model in /home/ubuntu/workspace/Projects/GroupProject1/index.php on line 61
[12-May-2018 01:00:55 UTC] PHP Notice:  Undefined index: Unlocked in /home/ubuntu/workspace/Projects/GroupProject1/index.php on line 62
[12-May-2018 01:00:55 UTC] PHP Notice:  Undefined index: Cores in /home/ubuntu/workspace/Projects/GroupProject1/index.php on line 63
[12-May-2018 01:00:55 UTC] PHP Notice:  Undefined variable: table_str in /home/ubuntu/workspace/Projects/GroupProject1/index.php on line 91
[12-May-2018 01:00:55 UTC] PHP Notice:  Undefined variable: table_str2 in /home/ubuntu/workspace/Projects/GroupProject1/index.php on line 123
[12-May-2018 01:00:55 UTC] PHP Notice:  Undefined variable: table_str3 in /home/ubuntu/workspace/Projects/GroupProject1/index.php on line 152
[12-May-2018 01:00:55 UTC] PHP Notice:  Undefined index: products in /home/ubuntu/workspace/Projects/GroupProject1/index.php on line 190
[12-May-2018 01:00:55 UTC] PHP Warning:  Invalid argument supplied for foreach() in /home/ubuntu/workspace/Projects/GroupProject1/index.php on line 190
[12-May-2018 01:01:00 UTC] PHP Notice:  Undefined index: tester2 in /home/ubuntu/workspace/Projects/GroupProject1/index.php on line 57
[12-May-2018 01:01:00 UTC] PHP Notice:  Undefined index: Model in /home/ubuntu/workspace/Projects/GroupProject1/index.php on line 61
[12-May-2018 01:01:00 UTC] PHP Notice:  Undefined index: Unlocked in /home/ubuntu/workspace/Projects/GroupProject1/index.php on line 62
[12-May-2018 01:01:00 UTC] PHP Notice:  Undefined index: Cores in /home/ubuntu/workspace/Projects/GroupProject1/index.php on line 63
[12-May-2018 01:01:00 UTC] PHP Notice:  Undefined variable: table_str in /home/ubuntu/workspace/Projects/GroupProject1/index.php on line 91
[12-May-2018 01:01:00 UTC] PHP Notice:  Undefined variable: table_str2 in /home/ubuntu/workspace/Projects/GroupProject1/index.php on line 123
[12-May-2018 01:01:00 UTC] PHP Notice:  Undefined variable: table_str3 in /home/ubuntu/workspace/Projects/GroupProject1/index.php on line 152
[12-May-2018 01:01:00 UTC] PHP Notice:  Undefined index: products in /home/ubuntu/workspace/Projects/GroupProject1/index.php on line 190
[12-May-2018 01:01:00 UTC] PHP Warning:  Invalid argument supplied for foreach() in /home/ubuntu/workspace/Projects/GroupProject1/index.php on line 190
[12-May-2018 01:01:04 UTC] PHP Notice:  Undefined variable: table_str in /home/ubuntu/workspace/Projects/GroupProject1/cart.php on line 16
[12-May-2018 01:01:06 UTC] PHP Notice:  Undefined index: tester2 in /home/ubuntu/workspace/Projects/GroupProject1/index.php on line 57
[12-May-2018 01:01:06 UTC] PHP Notice:  Undefined index: Model in /home/ubuntu/workspace/Projects/GroupProject1/index.php on line 61
[12-May-2018 01:01:06 UTC] PHP Notice:  Undefined index: Unlocked in /home/ubuntu/workspace/Projects/GroupProject1/index.php on line 62
[12-May-2018 01:01:06 UTC] PHP Notice:  Undefined index: Cores in /home/ubuntu/workspace/Projects/GroupProject1/index.php on line 63
[12-May-2018 01:01:06 UTC] PHP Notice:  Undefined variable: table_str in /home/ubuntu/workspace/Projects/GroupProject1/index.php on line 91
[12-May-2018 01:01:06 UTC] PHP Notice:  Undefined variable: table_str2 in /home/ubuntu/workspace/Projects/GroupProject1/index.php on line 123
[12-May-2018 01:01:06 UTC] PHP Notice:  Undefined variable: table_str3 in /home/ubuntu/workspace/Projects/GroupProject1/index.php on line 152
[12-May-2018 01:01:06 UTC] PHP Notice:  Undefined index: products in /home/ubuntu/workspace/Projects/GroupProject1/index.php on line 190
[12-May-2018 01:01:06 UTC] PHP Warning:  Invalid argument supplied for foreach() in /home/ubuntu/workspace/Projects/GroupProject1/index.php on line 190
[12-May-2018 01:01:07 UTC] PHP Notice:  Undefined index: tester2 in /home/ubuntu/workspace/Projects/GroupProject1/index.php on line 57
[12-May-2018 01:01:07 UTC] PHP Notice:  Undefined index: Model in /home/ubuntu/workspace/Projects/GroupProject1/index.php on line 61
[12-May-2018 01:01:07 UTC] PHP Notice:  Undefined index: Unlocked in /home/ubuntu/workspace/Projects/GroupProject1/index.php on line 62
[12-May-2018 01:01:07 UTC] PHP Notice:  Undefined index: Cores in /home/ubuntu/workspace/Projects/GroupProject1/index.php on line 63
[12-May-2018 01:01:07 UTC] PHP Notice:  Undefined variable: table_str in /home/ubuntu/workspace/Projects/GroupProject1/index.php on line 91
[12-May-2018 01:01:07 UTC] PHP Notice:  Undefined variable: table_str2 in /home/ubuntu/workspace/Projects/GroupProject1/index.php on line 123
[12-May-2018 01:01:07 UTC] PHP Notice:  Undefined variable: table_str3 in /home/ubuntu/workspace/Projects/GroupProject1/index.php on line 152
[12-May-2018 01:01:07 UTC] PHP Notice:  Undefined index: products in /home/ubuntu/workspace/Projects/GroupProject1/index.php on line 190
[12-May-2018 01:01:07 UTC] PHP Warning:  Invalid argument supplied for foreach() in /home/ubuntu/workspace/Projects/GroupProject1/index.php on line 190
[12-May-2018 01:01:08 UTC] PHP Notice:  Undefined variable: table_str in /home/ubuntu/workspace/Projects/GroupProject1/cart.php on line 16
[12-May-2018 01:01:09 UTC] PHP Notice:  Undefined index: tester2 in /home/ubuntu/workspace/Projects/GroupProject1/index.php on line 57
[12-May-2018 01:01:09 UTC] PHP Notice:  Undefined index: Model in /home/ubuntu/workspace/Projects/GroupProject1/index.php on line 61
[12-May-2018 01:01:09 UTC] PHP Notice:  Undefined index: Unlocked in /home/ubuntu/workspace/Projects/GroupProject1/index.php on line 62
[12-May-2018 01:01:09 UTC] PHP Notice:  Undefined index: Cores in /home/ubuntu/workspace/Projects/GroupProject1/index.php on line 63
[12-May-2018 01:01:09 UTC] PHP Notice:  Undefined variable: table_str in /home/ubuntu/workspace/Projects/GroupProject1/index.php on line 91
[12-May-2018 01:01:09 UTC] PHP Notice:  Undefined variable: table_str2 in /home/ubuntu/workspace/Projects/GroupProject1/index.php on line 123
[12-May-2018 01:01:09 UTC] PHP Notice:  Undefined variable: table_str3 in /home/ubuntu/workspace/Projects/GroupProject1/index.php on line 152
[12-May-2018 01:01:09 UTC] PHP Notice:  Undefined index: products in /home/ubuntu/workspace/Projects/GroupProject1/index.php on line 190
[12-May-2018 01:01:09 UTC] PHP Warning:  Invalid argument supplied for foreach() in /home/ubuntu/workspace/Projects/GroupProject1/index.php on line 190
[12-May-2018 01:17:09 UTC] PHP Notice:  Undefined index: tester2 in /home/ubuntu/workspace/Projects/GroupProject1/index.php on line 57
[12-May-2018 01:17:09 UTC] PHP Notice:  Undefined index: Model in /home/ubuntu/workspace/Projects/GroupProject1/index.php on line 61
[12-May-2018 01:17:09 UTC] PHP Notice:  Undefined index: Unlocked in /home/ubuntu/workspace/Projects/GroupProject1/index.php on line 62
[12-May-2018 01:17:09 UTC] PHP Notice:  Undefined index: Cores in /home/ubuntu/workspace/Projects/GroupProject1/index.php on line 63
[12-May-2018 01:17:09 UTC] PHP Notice:  Undefined variable: table_str in /home/ubuntu/workspace/Projects/GroupProject1/index.php on line 91
[12-May-2018 01:17:09 UTC] PHP Notice:  Undefined variable: table_str2 in /home/ubuntu/workspace/Projects/GroupProject1/index.php on line 123
[12-May-2018 01:17:09 UTC] PHP Notice:  Undefined variable: table_str3 in /home/ubuntu/workspace/Projects/GroupProject1/index.php on line 152
[12-May-2018 01:17:09 UTC] PHP Notice:  Undefined index: products in /home/ubuntu/workspace/Projects/GroupProject1/index.php on line 190
[12-May-2018 01:17:09 UTC] PHP Warning:  Invalid argument supplied for foreach() in /home/ubuntu/workspace/Projects/GroupProject1/index.php on line 190
