[10-Apr-2018 23:33:08 UTC] PHP Warning:  include(inc/functions.php): failed to open stream: No such file or directory in /home/ubuntu/workspace/Exams/midterm/program2.php on line 2
[10-Apr-2018 23:33:08 UTC] PHP Warning:  include(): Failed opening 'inc/functions.php' for inclusion (include_path='.:/usr/share/php') in /home/ubuntu/workspace/Exams/midterm/program2.php on line 2
[10-Apr-2018 23:33:08 UTC] PHP Notice:  Undefined index: type in /home/ubuntu/workspace/Exams/midterm/program2.php on line 30
[10-Apr-2018 23:33:08 UTC] PHP Notice:  Undefined index: name in /home/ubuntu/workspace/Exams/midterm/program2.php on line 31
[10-Apr-2018 23:33:08 UTC] PHP Notice:  Undefined index: status in /home/ubuntu/workspace/Exams/midterm/program2.php on line 32
[10-Apr-2018 23:33:08 UTC] PHP Notice:  Undefined variable: table_str in /home/ubuntu/workspace/Exams/midterm/program2.php on line 75
[10-Apr-2018 23:33:08 UTC] PHP Notice:  Undefined variable: table_str2 in /home/ubuntu/workspace/Exams/midterm/program2.php on line 92
[10-Apr-2018 23:33:59 UTC] PHP Warning:  include(inc/functions.php): failed to open stream: No such file or directory in /home/ubuntu/workspace/Exams/midterm/program1.php on line 2
[10-Apr-2018 23:33:59 UTC] PHP Warning:  include(): Failed opening 'inc/functions.php' for inclusion (include_path='.:/usr/share/php') in /home/ubuntu/workspace/Exams/midterm/program1.php on line 2
[10-Apr-2018 23:33:59 UTC] PHP Notice:  Undefined index: rows in /home/ubuntu/workspace/Exams/midterm/program1.php on line 40
[10-Apr-2018 23:33:59 UTC] PHP Notice:  Undefined index: columns in /home/ubuntu/workspace/Exams/midterm/program1.php on line 41
[10-Apr-2018 23:33:59 UTC] PHP Notice:  Undefined index: omit in /home/ubuntu/workspace/Exams/midterm/program1.php on line 42
[10-Apr-2018 23:33:59 UTC] PHP Notice:  Undefined variable: y in /home/ubuntu/workspace/Exams/midterm/program1.php on line 50
[10-Apr-2018 23:33:59 UTC] PHP Notice:  Undefined variable: card in /home/ubuntu/workspace/Exams/midterm/program1.php on line 50
[10-Apr-2018 23:33:59 UTC] PHP Notice:  Undefined variable: symbol in /home/ubuntu/workspace/Exams/midterm/program1.php on line 50
[10-Apr-2018 23:33:59 UTC] PHP Notice:  Undefined variable: symbol in /home/ubuntu/workspace/Exams/midterm/program1.php on line 50
[10-Apr-2018 23:33:59 UTC] PHP Notice:  Undefined variable: table_str in /home/ubuntu/workspace/Exams/midterm/program1.php on line 63
[10-Apr-2018 23:33:59 UTC] PHP Notice:  Undefined variable: kings in /home/ubuntu/workspace/Exams/midterm/program1.php on line 223
[10-Apr-2018 23:33:59 UTC] PHP Notice:  Undefined variable: kings in /home/ubuntu/workspace/Exams/midterm/program1.php on line 225
[10-Apr-2018 23:33:59 UTC] PHP Notice:  Undefined variable: kings in /home/ubuntu/workspace/Exams/midterm/program1.php on line 228
[10-Apr-2018 23:33:59 UTC] PHP Notice:  Undefined variable: kings in /home/ubuntu/workspace/Exams/midterm/program1.php on line 231
[10-Apr-2018 23:34:07 UTC] PHP Warning:  include(inc/functions.php): failed to open stream: No such file or directory in /home/ubuntu/workspace/Exams/midterm/program1.php on line 2
[10-Apr-2018 23:34:07 UTC] PHP Warning:  include(): Failed opening 'inc/functions.php' for inclusion (include_path='.:/usr/share/php') in /home/ubuntu/workspace/Exams/midterm/program1.php on line 2
[10-Apr-2018 23:34:07 UTC] PHP Notice:  Undefined variable: y in /home/ubuntu/workspace/Exams/midterm/program1.php on line 50
[10-Apr-2018 23:34:07 UTC] PHP Notice:  Undefined variable: card in /home/ubuntu/workspace/Exams/midterm/program1.php on line 50
[10-Apr-2018 23:34:07 UTC] PHP Notice:  Undefined variable: symbol in /home/ubuntu/workspace/Exams/midterm/program1.php on line 50
[10-Apr-2018 23:34:07 UTC] PHP Notice:  Undefined variable: symbol in /home/ubuntu/workspace/Exams/midterm/program1.php on line 50
[10-Apr-2018 23:34:07 UTC] PHP Notice:  Undefined variable: table_str in /home/ubuntu/workspace/Exams/midterm/program1.php on line 63
[10-Apr-2018 23:34:07 UTC] PHP Notice:  Undefined variable: kings in /home/ubuntu/workspace/Exams/midterm/program1.php on line 223
[10-Apr-2018 23:34:07 UTC] PHP Notice:  Undefined variable: kings in /home/ubuntu/workspace/Exams/midterm/program1.php on line 225
[10-Apr-2018 23:34:07 UTC] PHP Notice:  Undefined variable: kings in /home/ubuntu/workspace/Exams/midterm/program1.php on line 228
[10-Apr-2018 23:34:07 UTC] PHP Notice:  Undefined variable: kings in /home/ubuntu/workspace/Exams/midterm/program1.php on line 231
[10-Apr-2018 23:34:17 UTC] PHP Warning:  include(inc/functions.php): failed to open stream: No such file or directory in /home/ubuntu/workspace/Exams/midterm/program1.php on line 2
[10-Apr-2018 23:34:17 UTC] PHP Warning:  include(): Failed opening 'inc/functions.php' for inclusion (include_path='.:/usr/share/php') in /home/ubuntu/workspace/Exams/midterm/program1.php on line 2
[10-Apr-2018 23:34:17 UTC] PHP Notice:  Undefined variable: y in /home/ubuntu/workspace/Exams/midterm/program1.php on line 50
[10-Apr-2018 23:34:17 UTC] PHP Notice:  Undefined variable: card in /home/ubuntu/workspace/Exams/midterm/program1.php on line 50
[10-Apr-2018 23:34:17 UTC] PHP Notice:  Undefined variable: symbol in /home/ubuntu/workspace/Exams/midterm/program1.php on line 50
[10-Apr-2018 23:34:17 UTC] PHP Notice:  Undefined variable: symbol in /home/ubuntu/workspace/Exams/midterm/program1.php on line 50
[10-Apr-2018 23:34:17 UTC] PHP Notice:  Undefined variable: table_str in /home/ubuntu/workspace/Exams/midterm/program1.php on line 63
[10-Apr-2018 23:34:17 UTC] PHP Notice:  Undefined variable: kings in /home/ubuntu/workspace/Exams/midterm/program1.php on line 223
[10-Apr-2018 23:34:17 UTC] PHP Notice:  Undefined variable: kings in /home/ubuntu/workspace/Exams/midterm/program1.php on line 225
[10-Apr-2018 23:34:17 UTC] PHP Notice:  Undefined variable: kings in /home/ubuntu/workspace/Exams/midterm/program1.php on line 228
[10-Apr-2018 23:34:17 UTC] PHP Notice:  Undefined variable: kings in /home/ubuntu/workspace/Exams/midterm/program1.php on line 231
[10-Apr-2018 23:36:08 UTC] PHP Warning:  include(inc/functions.php): failed to open stream: No such file or directory in /home/ubuntu/workspace/Exams/midterm/program1.php on line 2
[10-Apr-2018 23:36:08 UTC] PHP Warning:  include(): Failed opening 'inc/functions.php' for inclusion (include_path='.:/usr/share/php') in /home/ubuntu/workspace/Exams/midterm/program1.php on line 2
[10-Apr-2018 23:36:08 UTC] PHP Notice:  Undefined variable: y in /home/ubuntu/workspace/Exams/midterm/program1.php on line 50
[10-Apr-2018 23:36:08 UTC] PHP Notice:  Undefined variable: card in /home/ubuntu/workspace/Exams/midterm/program1.php on line 50
[10-Apr-2018 23:36:08 UTC] PHP Notice:  Undefined variable: symbol in /home/ubuntu/workspace/Exams/midterm/program1.php on line 50
[10-Apr-2018 23:36:08 UTC] PHP Notice:  Undefined variable: symbol in /home/ubuntu/workspace/Exams/midterm/program1.php on line 50
[10-Apr-2018 23:36:08 UTC] PHP Notice:  Undefined variable: table_str in /home/ubuntu/workspace/Exams/midterm/program1.php on line 63
[10-Apr-2018 23:36:08 UTC] PHP Notice:  Undefined variable: kings in /home/ubuntu/workspace/Exams/midterm/program1.php on line 223
[10-Apr-2018 23:36:08 UTC] PHP Notice:  Undefined variable: kings in /home/ubuntu/workspace/Exams/midterm/program1.php on line 225
[10-Apr-2018 23:36:08 UTC] PHP Notice:  Undefined variable: kings in /home/ubuntu/workspace/Exams/midterm/program1.php on line 228
[10-Apr-2018 23:36:08 UTC] PHP Notice:  Undefined variable: kings in /home/ubuntu/workspace/Exams/midterm/program1.php on line 231
[10-Apr-2018 23:36:14 UTC] PHP Warning:  include(inc/functions.php): failed to open stream: No such file or directory in /home/ubuntu/workspace/Exams/midterm/program1.php on line 2
[10-Apr-2018 23:36:14 UTC] PHP Warning:  include(): Failed opening 'inc/functions.php' for inclusion (include_path='.:/usr/share/php') in /home/ubuntu/workspace/Exams/midterm/program1.php on line 2
[10-Apr-2018 23:36:14 UTC] PHP Notice:  Undefined variable: y in /home/ubuntu/workspace/Exams/midterm/program1.php on line 50
[10-Apr-2018 23:36:14 UTC] PHP Notice:  Undefined variable: card in /home/ubuntu/workspace/Exams/midterm/program1.php on line 50
[10-Apr-2018 23:36:14 UTC] PHP Notice:  Undefined variable: symbol in /home/ubuntu/workspace/Exams/midterm/program1.php on line 50
[10-Apr-2018 23:36:14 UTC] PHP Notice:  Undefined variable: symbol in /home/ubuntu/workspace/Exams/midterm/program1.php on line 50
[10-Apr-2018 23:36:14 UTC] PHP Notice:  Undefined variable: table_str in /home/ubuntu/workspace/Exams/midterm/program1.php on line 63
[10-Apr-2018 23:36:14 UTC] PHP Notice:  Undefined variable: y in /home/ubuntu/workspace/Exams/midterm/program1.php on line 115
[10-Apr-2018 23:36:14 UTC] PHP Notice:  Undefined variable: symbol in /home/ubuntu/workspace/Exams/midterm/program1.php on line 115
[10-Apr-2018 23:36:14 UTC] PHP Notice:  Undefined variable: symbol in /home/ubuntu/workspace/Exams/midterm/program1.php on line 115
[10-Apr-2018 23:36:14 UTC] PHP Notice:  Undefined variable: y in /home/ubuntu/workspace/Exams/midterm/program1.php on line 100
[10-Apr-2018 23:36:14 UTC] PHP Notice:  Undefined variable: symbol in /home/ubuntu/workspace/Exams/midterm/program1.php on line 100
[10-Apr-2018 23:36:14 UTC] PHP Notice:  Undefined variable: symbol in /home/ubuntu/workspace/Exams/midterm/program1.php on line 100
[10-Apr-2018 23:36:14 UTC] PHP Notice:  Undefined variable: y in /home/ubuntu/workspace/Exams/midterm/program1.php on line 130
[10-Apr-2018 23:36:14 UTC] PHP Notice:  Undefined variable: symbol in /home/ubuntu/workspace/Exams/midterm/program1.php on line 130
[10-Apr-2018 23:36:14 UTC] PHP Notice:  Undefined variable: symbol in /home/ubuntu/workspace/Exams/midterm/program1.php on line 130
[10-Apr-2018 23:36:14 UTC] PHP Notice:  Undefined variable: y in /home/ubuntu/workspace/Exams/midterm/program1.php on line 85
[10-Apr-2018 23:36:14 UTC] PHP Notice:  Undefined variable: symbol in /home/ubuntu/workspace/Exams/midterm/program1.php on line 85
[10-Apr-2018 23:36:14 UTC] PHP Notice:  Undefined variable: symbol in /home/ubuntu/workspace/Exams/midterm/program1.php on line 85
[10-Apr-2018 23:36:14 UTC] PHP Notice:  Undefined variable: kings in /home/ubuntu/workspace/Exams/midterm/program1.php on line 125
[10-Apr-2018 23:36:14 UTC] PHP Notice:  Undefined variable: y in /home/ubuntu/workspace/Exams/midterm/program1.php on line 126
[10-Apr-2018 23:36:14 UTC] PHP Notice:  Undefined variable: symbol in /home/ubuntu/workspace/Exams/midterm/program1.php on line 126
[10-Apr-2018 23:36:14 UTC] PHP Notice:  Undefined variable: symbol in /home/ubuntu/workspace/Exams/midterm/program1.php on line 126
[10-Apr-2018 23:36:14 UTC] PHP Notice:  Undefined variable: y in /home/ubuntu/workspace/Exams/midterm/program1.php on line 210
[10-Apr-2018 23:36:14 UTC] PHP Notice:  Undefined variable: symbol in /home/ubuntu/workspace/Exams/midterm/program1.php on line 210
[10-Apr-2018 23:36:14 UTC] PHP Notice:  Undefined variable: symbol in /home/ubuntu/workspace/Exams/midterm/program1.php on line 210
[10-Apr-2018 23:36:14 UTC] PHP Notice:  Undefined variable: y in /home/ubuntu/workspace/Exams/midterm/program1.php on line 130
[10-Apr-2018 23:36:14 UTC] PHP Notice:  Undefined variable: symbol in /home/ubuntu/workspace/Exams/midterm/program1.php on line 130
[10-Apr-2018 23:36:14 UTC] PHP Notice:  Undefined variable: symbol in /home/ubuntu/workspace/Exams/midterm/program1.php on line 130
[10-Apr-2018 23:36:14 UTC] PHP Notice:  Undefined variable: y in /home/ubuntu/workspace/Exams/midterm/program1.php on line 100
[10-Apr-2018 23:36:14 UTC] PHP Notice:  Undefined variable: symbol in /home/ubuntu/workspace/Exams/midterm/program1.php on line 100
[10-Apr-2018 23:36:14 UTC] PHP Notice:  Undefined variable: symbol in /home/ubuntu/workspace/Exams/midterm/program1.php on line 100
[10-Apr-2018 23:36:14 UTC] PHP Notice:  Undefined variable: y in /home/ubuntu/workspace/Exams/midterm/program1.php on line 115
[10-Apr-2018 23:36:14 UTC] PHP Notice:  Undefined variable: symbol in /home/ubuntu/workspace/Exams/midterm/program1.php on line 115
[10-Apr-2018 23:36:14 UTC] PHP Notice:  Undefined variable: symbol in /home/ubuntu/workspace/Exams/midterm/program1.php on line 115
[10-Apr-2018 23:36:14 UTC] PHP Notice:  Undefined variable: y in /home/ubuntu/workspace/Exams/midterm/program1.php on line 115
[10-Apr-2018 23:36:14 UTC] PHP Notice:  Undefined variable: symbol in /home/ubuntu/workspace/Exams/midterm/program1.php on line 115
[10-Apr-2018 23:36:14 UTC] PHP Notice:  Undefined variable: symbol in /home/ubuntu/workspace/Exams/midterm/program1.php on line 115
[10-Apr-2018 23:36:14 UTC] PHP Notice:  Undefined variable: y in /home/ubuntu/workspace/Exams/midterm/program1.php on line 174
[10-Apr-2018 23:36:14 UTC] PHP Notice:  Undefined variable: symbol in /home/ubuntu/workspace/Exams/midterm/program1.php on line 174
[10-Apr-2018 23:36:14 UTC] PHP Notice:  Undefined variable: symbol in /home/ubuntu/workspace/Exams/midterm/program1.php on line 174
[10-Apr-2018 23:36:14 UTC] PHP Notice:  Undefined variable: y in /home/ubuntu/workspace/Exams/midterm/program1.php on line 85
[10-Apr-2018 23:36:14 UTC] PHP Notice:  Undefined variable: symbol in /home/ubuntu/workspace/Exams/midterm/program1.php on line 85
[10-Apr-2018 23:36:14 UTC] PHP Notice:  Undefined variable: symbol in /home/ubuntu/workspace/Exams/midterm/program1.php on line 85
[10-Apr-2018 23:36:14 UTC] PHP Notice:  Undefined variable: y in /home/ubuntu/workspace/Exams/midterm/program1.php on line 100
[10-Apr-2018 23:36:14 UTC] PHP Notice:  Undefined variable: symbol in /home/ubuntu/workspace/Exams/midterm/program1.php on line 100
[10-Apr-2018 23:36:14 UTC] PHP Notice:  Undefined variable: symbol in /home/ubuntu/workspace/Exams/midterm/program1.php on line 100
[10-Apr-2018 23:36:14 UTC] PHP Notice:  Undefined variable: y in /home/ubuntu/workspace/Exams/midterm/program1.php on line 115
[10-Apr-2018 23:36:14 UTC] PHP Notice:  Undefined variable: symbol in /home/ubuntu/workspace/Exams/midterm/program1.php on line 115
[10-Apr-2018 23:36:14 UTC] PHP Notice:  Undefined variable: symbol in /home/ubuntu/workspace/Exams/midterm/program1.php on line 115
[10-Apr-2018 23:36:14 UTC] PHP Notice:  Undefined variable: y in /home/ubuntu/workspace/Exams/midterm/program1.php on line 85
[10-Apr-2018 23:36:14 UTC] PHP Notice:  Undefined variable: symbol in /home/ubuntu/workspace/Exams/midterm/program1.php on line 85
[10-Apr-2018 23:36:14 UTC] PHP Notice:  Undefined variable: symbol in /home/ubuntu/workspace/Exams/midterm/program1.php on line 85
[10-Apr-2018 23:36:14 UTC] PHP Notice:  Undefined variable: y in /home/ubuntu/workspace/Exams/midterm/program1.php on line 156
[10-Apr-2018 23:36:14 UTC] PHP Notice:  Undefined variable: symbol in /home/ubuntu/workspace/Exams/midterm/program1.php on line 156
[10-Apr-2018 23:36:14 UTC] PHP Notice:  Undefined variable: symbol in /home/ubuntu/workspace/Exams/midterm/program1.php on line 156
[10-Apr-2018 23:36:14 UTC] PHP Notice:  Undefined variable: y in /home/ubuntu/workspace/Exams/midterm/program1.php on line 130
[10-Apr-2018 23:36:14 UTC] PHP Notice:  Undefined variable: symbol in /home/ubuntu/workspace/Exams/midterm/program1.php on line 130
[10-Apr-2018 23:36:14 UTC] PHP Notice:  Undefined variable: symbol in /home/ubuntu/workspace/Exams/midterm/program1.php on line 130
[10-Apr-2018 23:36:14 UTC] PHP Notice:  Undefined variable: y in /home/ubuntu/workspace/Exams/midterm/program1.php on line 130
[10-Apr-2018 23:36:14 UTC] PHP Notice:  Undefined variable: symbol in /home/ubuntu/workspace/Exams/midterm/program1.php on line 130
[10-Apr-2018 23:36:14 UTC] PHP Notice:  Undefined variable: symbol in /home/ubuntu/workspace/Exams/midterm/program1.php on line 130
[10-Apr-2018 23:36:14 UTC] PHP Notice:  Undefined variable: y in /home/ubuntu/workspace/Exams/midterm/program1.php on line 100
[10-Apr-2018 23:36:14 UTC] PHP Notice:  Undefined variable: symbol in /home/ubuntu/workspace/Exams/midterm/program1.php on line 100
[10-Apr-2018 23:36:14 UTC] PHP Notice:  Undefined variable: symbol in /home/ubuntu/workspace/Exams/midterm/program1.php on line 100
[10-Apr-2018 23:36:14 UTC] PHP Notice:  Undefined variable: y in /home/ubuntu/workspace/Exams/midterm/program1.php on line 111
[10-Apr-2018 23:36:14 UTC] PHP Notice:  Undefined variable: symbol in /home/ubuntu/workspace/Exams/midterm/program1.php on line 111
[10-Apr-2018 23:36:14 UTC] PHP Notice:  Undefined variable: symbol in /home/ubuntu/workspace/Exams/midterm/program1.php on line 111
[10-Apr-2018 23:36:14 UTC] PHP Notice:  Undefined variable: y in /home/ubuntu/workspace/Exams/midterm/program1.php on line 192
[10-Apr-2018 23:36:14 UTC] PHP Notice:  Undefined variable: symbol in /home/ubuntu/workspace/Exams/midterm/program1.php on line 192
[10-Apr-2018 23:36:14 UTC] PHP Notice:  Undefined variable: symbol in /home/ubuntu/workspace/Exams/midterm/program1.php on line 192
[10-Apr-2018 23:36:14 UTC] PHP Notice:  Undefined variable: y in /home/ubuntu/workspace/Exams/midterm/program1.php on line 100
[10-Apr-2018 23:36:14 UTC] PHP Notice:  Undefined variable: symbol in /home/ubuntu/workspace/Exams/midterm/program1.php on line 100
[10-Apr-2018 23:36:14 UTC] PHP Notice:  Undefined variable: symbol in /home/ubuntu/workspace/Exams/midterm/program1.php on line 100
[10-Apr-2018 23:36:14 UTC] PHP Notice:  Undefined variable: y in /home/ubuntu/workspace/Exams/midterm/program1.php on line 100
[10-Apr-2018 23:36:14 UTC] PHP Notice:  Undefined variable: symbol in /home/ubuntu/workspace/Exams/midterm/program1.php on line 100
[10-Apr-2018 23:36:14 UTC] PHP Notice:  Undefined variable: symbol in /home/ubuntu/workspace/Exams/midterm/program1.php on line 100
[10-Apr-2018 23:36:14 UTC] PHP Notice:  Undefined variable: y in /home/ubuntu/workspace/Exams/midterm/program1.php on line 115
[10-Apr-2018 23:36:14 UTC] PHP Notice:  Undefined variable: symbol in /home/ubuntu/workspace/Exams/midterm/program1.php on line 115
[10-Apr-2018 23:36:14 UTC] PHP Notice:  Undefined variable: symbol in /home/ubuntu/workspace/Exams/midterm/program1.php on line 115
[10-Apr-2018 23:36:14 UTC] PHP Notice:  Undefined variable: y in /home/ubuntu/workspace/Exams/midterm/program1.php on line 115
[10-Apr-2018 23:36:14 UTC] PHP Notice:  Undefined variable: symbol in /home/ubuntu/workspace/Exams/midterm/program1.php on line 115
[10-Apr-2018 23:36:14 UTC] PHP Notice:  Undefined variable: symbol in /home/ubuntu/workspace/Exams/midterm/program1.php on line 115
[10-Apr-2018 23:36:22 UTC] PHP Warning:  include(inc/functions.php): failed to open stream: No such file or directory in /home/ubuntu/workspace/Exams/midterm/program1.php on line 2
[10-Apr-2018 23:36:22 UTC] PHP Warning:  include(): Failed opening 'inc/functions.php' for inclusion (include_path='.:/usr/share/php') in /home/ubuntu/workspace/Exams/midterm/program1.php on line 2
[10-Apr-2018 23:36:22 UTC] PHP Notice:  Undefined variable: y in /home/ubuntu/workspace/Exams/midterm/program1.php on line 50
[10-Apr-2018 23:36:22 UTC] PHP Notice:  Undefined variable: card in /home/ubuntu/workspace/Exams/midterm/program1.php on line 50
[10-Apr-2018 23:36:22 UTC] PHP Notice:  Undefined variable: symbol in /home/ubuntu/workspace/Exams/midterm/program1.php on line 50
[10-Apr-2018 23:36:22 UTC] PHP Notice:  Undefined variable: symbol in /home/ubuntu/workspace/Exams/midterm/program1.php on line 50
[10-Apr-2018 23:36:22 UTC] PHP Notice:  Undefined variable: table_str in /home/ubuntu/workspace/Exams/midterm/program1.php on line 63
[10-Apr-2018 23:36:22 UTC] PHP Notice:  Undefined variable: y in /home/ubuntu/workspace/Exams/midterm/program1.php on line 100
[10-Apr-2018 23:36:22 UTC] PHP Notice:  Undefined variable: symbol in /home/ubuntu/workspace/Exams/midterm/program1.php on line 100
[10-Apr-2018 23:36:22 UTC] PHP Notice:  Undefined variable: symbol in /home/ubuntu/workspace/Exams/midterm/program1.php on line 100
[10-Apr-2018 23:36:22 UTC] PHP Notice:  Undefined variable: y in /home/ubuntu/workspace/Exams/midterm/program1.php on line 130
[10-Apr-2018 23:36:22 UTC] PHP Notice:  Undefined variable: symbol in /home/ubuntu/workspace/Exams/midterm/program1.php on line 130
[10-Apr-2018 23:36:22 UTC] PHP Notice:  Undefined variable: symbol in /home/ubuntu/workspace/Exams/midterm/program1.php on line 130
[10-Apr-2018 23:36:22 UTC] PHP Notice:  Undefined variable: y in /home/ubuntu/workspace/Exams/midterm/program1.php on line 115
[10-Apr-2018 23:36:22 UTC] PHP Notice:  Undefined variable: symbol in /home/ubuntu/workspace/Exams/midterm/program1.php on line 115
[10-Apr-2018 23:36:22 UTC] PHP Notice:  Undefined variable: symbol in /home/ubuntu/workspace/Exams/midterm/program1.php on line 115
[10-Apr-2018 23:36:22 UTC] PHP Notice:  Undefined variable: y in /home/ubuntu/workspace/Exams/midterm/program1.php on line 100
[10-Apr-2018 23:36:22 UTC] PHP Notice:  Undefined variable: symbol in /home/ubuntu/workspace/Exams/midterm/program1.php on line 100
[10-Apr-2018 23:36:22 UTC] PHP Notice:  Undefined variable: symbol in /home/ubuntu/workspace/Exams/midterm/program1.php on line 100
[10-Apr-2018 23:36:22 UTC] PHP Notice:  Undefined variable: kings in /home/ubuntu/workspace/Exams/midterm/program1.php on line 110
[10-Apr-2018 23:36:22 UTC] PHP Notice:  Undefined variable: y in /home/ubuntu/workspace/Exams/midterm/program1.php on line 111
[10-Apr-2018 23:36:22 UTC] PHP Notice:  Undefined variable: symbol in /home/ubuntu/workspace/Exams/midterm/program1.php on line 111
[10-Apr-2018 23:36:22 UTC] PHP Notice:  Undefined variable: symbol in /home/ubuntu/workspace/Exams/midterm/program1.php on line 111
[10-Apr-2018 23:36:22 UTC] PHP Notice:  Undefined variable: y in /home/ubuntu/workspace/Exams/midterm/program1.php on line 181
[10-Apr-2018 23:36:22 UTC] PHP Notice:  Undefined variable: symbol in /home/ubuntu/workspace/Exams/midterm/program1.php on line 181
[10-Apr-2018 23:36:22 UTC] PHP Notice:  Undefined variable: symbol in /home/ubuntu/workspace/Exams/midterm/program1.php on line 181
[10-Apr-2018 23:36:22 UTC] PHP Notice:  Undefined variable: y in /home/ubuntu/workspace/Exams/midterm/program1.php on line 76
[10-Apr-2018 23:36:22 UTC] PHP Notice:  Undefined variable: symbol in /home/ubuntu/workspace/Exams/midterm/program1.php on line 76
[10-Apr-2018 23:36:22 UTC] PHP Notice:  Undefined variable: symbol in /home/ubuntu/workspace/Exams/midterm/program1.php on line 76
[10-Apr-2018 23:36:22 UTC] PHP Notice:  Undefined variable: y in /home/ubuntu/workspace/Exams/midterm/program1.php on line 130
[10-Apr-2018 23:36:22 UTC] PHP Notice:  Undefined variable: symbol in /home/ubuntu/workspace/Exams/midterm/program1.php on line 130
[10-Apr-2018 23:36:22 UTC] PHP Notice:  Undefined variable: symbol in /home/ubuntu/workspace/Exams/midterm/program1.php on line 130
[10-Apr-2018 23:36:22 UTC] PHP Notice:  Undefined variable: y in /home/ubuntu/workspace/Exams/midterm/program1.php on line 85
[10-Apr-2018 23:36:22 UTC] PHP Notice:  Undefined variable: symbol in /home/ubuntu/workspace/Exams/midterm/program1.php on line 85
[10-Apr-2018 23:36:22 UTC] PHP Notice:  Undefined variable: symbol in /home/ubuntu/workspace/Exams/midterm/program1.php on line 85
[10-Apr-2018 23:36:22 UTC] PHP Notice:  Undefined variable: y in /home/ubuntu/workspace/Exams/midterm/program1.php on line 130
[10-Apr-2018 23:36:22 UTC] PHP Notice:  Undefined variable: symbol in /home/ubuntu/workspace/Exams/midterm/program1.php on line 130
[10-Apr-2018 23:36:22 UTC] PHP Notice:  Undefined variable: symbol in /home/ubuntu/workspace/Exams/midterm/program1.php on line 130
[10-Apr-2018 23:36:22 UTC] PHP Notice:  Undefined variable: y in /home/ubuntu/workspace/Exams/midterm/program1.php on line 192
[10-Apr-2018 23:36:22 UTC] PHP Notice:  Undefined variable: symbol in /home/ubuntu/workspace/Exams/midterm/program1.php on line 192
[10-Apr-2018 23:36:22 UTC] PHP Notice:  Undefined variable: symbol in /home/ubuntu/workspace/Exams/midterm/program1.php on line 192
[10-Apr-2018 23:36:22 UTC] PHP Notice:  Undefined variable: y in /home/ubuntu/workspace/Exams/midterm/program1.php on line 121
[10-Apr-2018 23:36:22 UTC] PHP Notice:  Undefined variable: symbol in /home/ubuntu/workspace/Exams/midterm/program1.php on line 121
[10-Apr-2018 23:36:22 UTC] PHP Notice:  Undefined variable: symbol in /home/ubuntu/workspace/Exams/midterm/program1.php on line 121
[10-Apr-2018 23:36:22 UTC] PHP Notice:  Undefined variable: y in /home/ubuntu/workspace/Exams/midterm/program1.php on line 85
[10-Apr-2018 23:36:22 UTC] PHP Notice:  Undefined variable: symbol in /home/ubuntu/workspace/Exams/midterm/program1.php on line 85
[10-Apr-2018 23:36:22 UTC] PHP Notice:  Undefined variable: symbol in /home/ubuntu/workspace/Exams/midterm/program1.php on line 85
[10-Apr-2018 23:36:22 UTC] PHP Notice:  Undefined variable: y in /home/ubuntu/workspace/Exams/midterm/program1.php on line 130
[10-Apr-2018 23:36:22 UTC] PHP Notice:  Undefined variable: symbol in /home/ubuntu/workspace/Exams/midterm/program1.php on line 130
[10-Apr-2018 23:36:22 UTC] PHP Notice:  Undefined variable: symbol in /home/ubuntu/workspace/Exams/midterm/program1.php on line 130
[10-Apr-2018 23:36:22 UTC] PHP Notice:  Undefined variable: y in /home/ubuntu/workspace/Exams/midterm/program1.php on line 85
[10-Apr-2018 23:36:22 UTC] PHP Notice:  Undefined variable: symbol in /home/ubuntu/workspace/Exams/midterm/program1.php on line 85
[10-Apr-2018 23:36:22 UTC] PHP Notice:  Undefined variable: symbol in /home/ubuntu/workspace/Exams/midterm/program1.php on line 85
[10-Apr-2018 23:36:22 UTC] PHP Notice:  Undefined variable: y in /home/ubuntu/workspace/Exams/midterm/program1.php on line 156
[10-Apr-2018 23:36:22 UTC] PHP Notice:  Undefined variable: symbol in /home/ubuntu/workspace/Exams/midterm/program1.php on line 156
[10-Apr-2018 23:36:22 UTC] PHP Notice:  Undefined variable: symbol in /home/ubuntu/workspace/Exams/midterm/program1.php on line 156
[10-Apr-2018 23:36:22 UTC] PHP Notice:  Undefined variable: y in /home/ubuntu/workspace/Exams/midterm/program1.php on line 130
[10-Apr-2018 23:36:22 UTC] PHP Notice:  Undefined variable: symbol in /home/ubuntu/workspace/Exams/midterm/program1.php on line 130
[10-Apr-2018 23:36:22 UTC] PHP Notice:  Undefined variable: symbol in /home/ubuntu/workspace/Exams/midterm/program1.php on line 130
[10-Apr-2018 23:36:22 UTC] PHP Notice:  Undefined variable: y in /home/ubuntu/workspace/Exams/midterm/program1.php on line 115
[10-Apr-2018 23:36:22 UTC] PHP Notice:  Undefined variable: symbol in /home/ubuntu/workspace/Exams/midterm/program1.php on line 115
[10-Apr-2018 23:36:22 UTC] PHP Notice:  Undefined variable: symbol in /home/ubuntu/workspace/Exams/midterm/program1.php on line 115
[10-Apr-2018 23:36:22 UTC] PHP Notice:  Undefined variable: y in /home/ubuntu/workspace/Exams/midterm/program1.php on line 126
[10-Apr-2018 23:36:22 UTC] PHP Notice:  Undefined variable: symbol in /home/ubuntu/workspace/Exams/midterm/program1.php on line 126
[10-Apr-2018 23:36:22 UTC] PHP Notice:  Undefined variable: symbol in /home/ubuntu/workspace/Exams/midterm/program1.php on line 126
[10-Apr-2018 23:36:22 UTC] PHP Notice:  Undefined variable: y in /home/ubuntu/workspace/Exams/midterm/program1.php on line 100
[10-Apr-2018 23:36:22 UTC] PHP Notice:  Undefined variable: symbol in /home/ubuntu/workspace/Exams/midterm/program1.php on line 100
[10-Apr-2018 23:36:22 UTC] PHP Notice:  Undefined variable: symbol in /home/ubuntu/workspace/Exams/midterm/program1.php on line 100
[10-Apr-2018 23:36:30 UTC] PHP Warning:  include(inc/functions.php): failed to open stream: No such file or directory in /home/ubuntu/workspace/Exams/midterm/program1.php on line 2
[10-Apr-2018 23:36:30 UTC] PHP Warning:  include(): Failed opening 'inc/functions.php' for inclusion (include_path='.:/usr/share/php') in /home/ubuntu/workspace/Exams/midterm/program1.php on line 2
[10-Apr-2018 23:36:30 UTC] PHP Notice:  Undefined variable: y in /home/ubuntu/workspace/Exams/midterm/program1.php on line 50
[10-Apr-2018 23:36:30 UTC] PHP Notice:  Undefined variable: card in /home/ubuntu/workspace/Exams/midterm/program1.php on line 50
[10-Apr-2018 23:36:30 UTC] PHP Notice:  Undefined variable: symbol in /home/ubuntu/workspace/Exams/midterm/program1.php on line 50
[10-Apr-2018 23:36:30 UTC] PHP Notice:  Undefined variable: symbol in /home/ubuntu/workspace/Exams/midterm/program1.php on line 50
[10-Apr-2018 23:36:30 UTC] PHP Notice:  Undefined variable: table_str in /home/ubuntu/workspace/Exams/midterm/program1.php on line 63
[10-Apr-2018 23:36:30 UTC] PHP Notice:  Undefined variable: y in /home/ubuntu/workspace/Exams/midterm/program1.php on line 85
[10-Apr-2018 23:36:30 UTC] PHP Notice:  Undefined variable: symbol in /home/ubuntu/workspace/Exams/midterm/program1.php on line 85
[10-Apr-2018 23:36:30 UTC] PHP Notice:  Undefined variable: symbol in /home/ubuntu/workspace/Exams/midterm/program1.php on line 85
[10-Apr-2018 23:36:30 UTC] PHP Notice:  Undefined variable: y in /home/ubuntu/workspace/Exams/midterm/program1.php on line 130
[10-Apr-2018 23:36:30 UTC] PHP Notice:  Undefined variable: symbol in /home/ubuntu/workspace/Exams/midterm/program1.php on line 130
[10-Apr-2018 23:36:30 UTC] PHP Notice:  Undefined variable: symbol in /home/ubuntu/workspace/Exams/midterm/program1.php on line 130
[10-Apr-2018 23:36:30 UTC] PHP Notice:  Undefined variable: y in /home/ubuntu/workspace/Exams/midterm/program1.php on line 100
[10-Apr-2018 23:36:30 UTC] PHP Notice:  Undefined variable: symbol in /home/ubuntu/workspace/Exams/midterm/program1.php on line 100
[10-Apr-2018 23:36:30 UTC] PHP Notice:  Undefined variable: symbol in /home/ubuntu/workspace/Exams/midterm/program1.php on line 100
[10-Apr-2018 23:36:30 UTC] PHP Notice:  Undefined variable: y in /home/ubuntu/workspace/Exams/midterm/program1.php on line 76
[10-Apr-2018 23:36:30 UTC] PHP Notice:  Undefined variable: symbol in /home/ubuntu/workspace/Exams/midterm/program1.php on line 76
[10-Apr-2018 23:36:30 UTC] PHP Notice:  Undefined variable: symbol in /home/ubuntu/workspace/Exams/midterm/program1.php on line 76
[10-Apr-2018 23:36:30 UTC] PHP Notice:  Undefined variable: y in /home/ubuntu/workspace/Exams/midterm/program1.php on line 115
[10-Apr-2018 23:36:30 UTC] PHP Notice:  Undefined variable: symbol in /home/ubuntu/workspace/Exams/midterm/program1.php on line 115
[10-Apr-2018 23:36:30 UTC] PHP Notice:  Undefined variable: symbol in /home/ubuntu/workspace/Exams/midterm/program1.php on line 115
[10-Apr-2018 23:36:30 UTC] PHP Notice:  Undefined variable: y in /home/ubuntu/workspace/Exams/midterm/program1.php on line 100
[10-Apr-2018 23:36:30 UTC] PHP Notice:  Undefined variable: symbol in /home/ubuntu/workspace/Exams/midterm/program1.php on line 100
[10-Apr-2018 23:36:30 UTC] PHP Notice:  Undefined variable: symbol in /home/ubuntu/workspace/Exams/midterm/program1.php on line 100
[10-Apr-2018 23:36:30 UTC] PHP Notice:  Undefined variable: kings in /home/ubuntu/workspace/Exams/midterm/program1.php on line 168
[10-Apr-2018 23:36:30 UTC] PHP Notice:  Undefined variable: y in /home/ubuntu/workspace/Exams/midterm/program1.php on line 169
[10-Apr-2018 23:36:30 UTC] PHP Notice:  Undefined variable: symbol in /home/ubuntu/workspace/Exams/midterm/program1.php on line 169
[10-Apr-2018 23:36:30 UTC] PHP Notice:  Undefined variable: symbol in /home/ubuntu/workspace/Exams/midterm/program1.php on line 169
[10-Apr-2018 23:36:30 UTC] PHP Notice:  Undefined variable: y in /home/ubuntu/workspace/Exams/midterm/program1.php on line 130
[10-Apr-2018 23:36:30 UTC] PHP Notice:  Undefined variable: symbol in /home/ubuntu/workspace/Exams/midterm/program1.php on line 130
[10-Apr-2018 23:36:30 UTC] PHP Notice:  Undefined variable: symbol in /home/ubuntu/workspace/Exams/midterm/program1.php on line 130
[10-Apr-2018 23:36:30 UTC] PHP Notice:  Undefined variable: y in /home/ubuntu/workspace/Exams/midterm/program1.php on line 115
[10-Apr-2018 23:36:30 UTC] PHP Notice:  Undefined variable: symbol in /home/ubuntu/workspace/Exams/midterm/program1.php on line 115
[10-Apr-2018 23:36:30 UTC] PHP Notice:  Undefined variable: symbol in /home/ubuntu/workspace/Exams/midterm/program1.php on line 115
[10-Apr-2018 23:36:30 UTC] PHP Notice:  Undefined variable: y in /home/ubuntu/workspace/Exams/midterm/program1.php on line 115
[10-Apr-2018 23:36:30 UTC] PHP Notice:  Undefined variable: symbol in /home/ubuntu/workspace/Exams/midterm/program1.php on line 115
[10-Apr-2018 23:36:30 UTC] PHP Notice:  Undefined variable: symbol in /home/ubuntu/workspace/Exams/midterm/program1.php on line 115
[10-Apr-2018 23:36:30 UTC] PHP Notice:  Undefined variable: y in /home/ubuntu/workspace/Exams/midterm/program1.php on line 115
[10-Apr-2018 23:36:30 UTC] PHP Notice:  Undefined variable: symbol in /home/ubuntu/workspace/Exams/midterm/program1.php on line 115
[10-Apr-2018 23:36:30 UTC] PHP Notice:  Undefined variable: symbol in /home/ubuntu/workspace/Exams/midterm/program1.php on line 115
[10-Apr-2018 23:36:30 UTC] PHP Notice:  Undefined variable: y in /home/ubuntu/workspace/Exams/midterm/program1.php on line 130
[10-Apr-2018 23:36:30 UTC] PHP Notice:  Undefined variable: symbol in /home/ubuntu/workspace/Exams/midterm/program1.php on line 130
[10-Apr-2018 23:36:30 UTC] PHP Notice:  Undefined variable: symbol in /home/ubuntu/workspace/Exams/midterm/program1.php on line 130
[10-Apr-2018 23:36:30 UTC] PHP Notice:  Undefined variable: y in /home/ubuntu/workspace/Exams/midterm/program1.php on line 210
[10-Apr-2018 23:36:30 UTC] PHP Notice:  Undefined variable: symbol in /home/ubuntu/workspace/Exams/midterm/program1.php on line 210
[10-Apr-2018 23:36:30 UTC] PHP Notice:  Undefined variable: symbol in /home/ubuntu/workspace/Exams/midterm/program1.php on line 210
[10-Apr-2018 23:36:30 UTC] PHP Notice:  Undefined variable: y in /home/ubuntu/workspace/Exams/midterm/program1.php on line 121
[10-Apr-2018 23:36:30 UTC] PHP Notice:  Undefined variable: symbol in /home/ubuntu/workspace/Exams/midterm/program1.php on line 121
[10-Apr-2018 23:36:30 UTC] PHP Notice:  Undefined variable: symbol in /home/ubuntu/workspace/Exams/midterm/program1.php on line 121
[10-Apr-2018 23:36:30 UTC] PHP Notice:  Undefined variable: y in /home/ubuntu/workspace/Exams/midterm/program1.php on line 126
[10-Apr-2018 23:36:30 UTC] PHP Notice:  Undefined variable: symbol in /home/ubuntu/workspace/Exams/midterm/program1.php on line 126
[10-Apr-2018 23:36:30 UTC] PHP Notice:  Undefined variable: symbol in /home/ubuntu/workspace/Exams/midterm/program1.php on line 126
[10-Apr-2018 23:36:30 UTC] PHP Notice:  Undefined variable: y in /home/ubuntu/workspace/Exams/midterm/program1.php on line 115
[10-Apr-2018 23:36:30 UTC] PHP Notice:  Undefined variable: symbol in /home/ubuntu/workspace/Exams/midterm/program1.php on line 115
[10-Apr-2018 23:36:30 UTC] PHP Notice:  Undefined variable: symbol in /home/ubuntu/workspace/Exams/midterm/program1.php on line 115
[10-Apr-2018 23:36:30 UTC] PHP Notice:  Undefined variable: y in /home/ubuntu/workspace/Exams/midterm/program1.php on line 115
[10-Apr-2018 23:36:30 UTC] PHP Notice:  Undefined variable: symbol in /home/ubuntu/workspace/Exams/midterm/program1.php on line 115
[10-Apr-2018 23:36:30 UTC] PHP Notice:  Undefined variable: symbol in /home/ubuntu/workspace/Exams/midterm/program1.php on line 115
[10-Apr-2018 23:36:30 UTC] PHP Notice:  Undefined variable: y in /home/ubuntu/workspace/Exams/midterm/program1.php on line 85
[10-Apr-2018 23:36:30 UTC] PHP Notice:  Undefined variable: symbol in /home/ubuntu/workspace/Exams/midterm/program1.php on line 85
[10-Apr-2018 23:36:30 UTC] PHP Notice:  Undefined variable: symbol in /home/ubuntu/workspace/Exams/midterm/program1.php on line 85
[10-Apr-2018 23:36:30 UTC] PHP Notice:  Undefined variable: y in /home/ubuntu/workspace/Exams/midterm/program1.php on line 163
[10-Apr-2018 23:36:30 UTC] PHP Notice:  Undefined variable: symbol in /home/ubuntu/workspace/Exams/midterm/program1.php on line 163
[10-Apr-2018 23:36:30 UTC] PHP Notice:  Undefined variable: symbol in /home/ubuntu/workspace/Exams/midterm/program1.php on line 163
[10-Apr-2018 23:36:30 UTC] PHP Notice:  Undefined variable: y in /home/ubuntu/workspace/Exams/midterm/program1.php on line 100
[10-Apr-2018 23:36:30 UTC] PHP Notice:  Undefined variable: symbol in /home/ubuntu/workspace/Exams/midterm/program1.php on line 100
[10-Apr-2018 23:36:30 UTC] PHP Notice:  Undefined variable: symbol in /home/ubuntu/workspace/Exams/midterm/program1.php on line 100
[10-Apr-2018 23:36:30 UTC] PHP Notice:  Undefined variable: y in /home/ubuntu/workspace/Exams/midterm/program1.php on line 100
[10-Apr-2018 23:36:30 UTC] PHP Notice:  Undefined variable: symbol in /home/ubuntu/workspace/Exams/midterm/program1.php on line 100
[10-Apr-2018 23:36:30 UTC] PHP Notice:  Undefined variable: symbol in /home/ubuntu/workspace/Exams/midterm/program1.php on line 100
[10-Apr-2018 23:36:30 UTC] PHP Notice:  Undefined variable: y in /home/ubuntu/workspace/Exams/midterm/program1.php on line 85
[10-Apr-2018 23:36:30 UTC] PHP Notice:  Undefined variable: symbol in /home/ubuntu/workspace/Exams/midterm/program1.php on line 85
[10-Apr-2018 23:36:30 UTC] PHP Notice:  Undefined variable: symbol in /home/ubuntu/workspace/Exams/midterm/program1.php on line 85
[10-Apr-2018 23:36:30 UTC] PHP Notice:  Undefined variable: y in /home/ubuntu/workspace/Exams/midterm/program1.php on line 111
[10-Apr-2018 23:36:30 UTC] PHP Notice:  Undefined variable: symbol in /home/ubuntu/workspace/Exams/midterm/program1.php on line 111
[10-Apr-2018 23:36:30 UTC] PHP Notice:  Undefined variable: symbol in /home/ubuntu/workspace/Exams/midterm/program1.php on line 111
[10-Apr-2018 23:36:30 UTC] PHP Notice:  Undefined variable: y in /home/ubuntu/workspace/Exams/midterm/program1.php on line 130
[10-Apr-2018 23:36:30 UTC] PHP Notice:  Undefined variable: symbol in /home/ubuntu/workspace/Exams/midterm/program1.php on line 130
[10-Apr-2018 23:36:30 UTC] PHP Notice:  Undefined variable: symbol in /home/ubuntu/workspace/Exams/midterm/program1.php on line 130
[10-Apr-2018 23:36:30 UTC] PHP Notice:  Undefined variable: y in /home/ubuntu/workspace/Exams/midterm/program1.php on line 210
[10-Apr-2018 23:36:30 UTC] PHP Notice:  Undefined variable: symbol in /home/ubuntu/workspace/Exams/midterm/program1.php on line 210
[10-Apr-2018 23:36:30 UTC] PHP Notice:  Undefined variable: symbol in /home/ubuntu/workspace/Exams/midterm/program1.php on line 210
[10-Apr-2018 23:36:30 UTC] PHP Notice:  Undefined variable: y in /home/ubuntu/workspace/Exams/midterm/program1.php on line 100
[10-Apr-2018 23:36:30 UTC] PHP Notice:  Undefined variable: symbol in /home/ubuntu/workspace/Exams/midterm/program1.php on line 100
[10-Apr-2018 23:36:30 UTC] PHP Notice:  Undefined variable: symbol in /home/ubuntu/workspace/Exams/midterm/program1.php on line 100
[10-Apr-2018 23:36:30 UTC] PHP Notice:  Undefined variable: y in /home/ubuntu/workspace/Exams/midterm/program1.php on line 130
[10-Apr-2018 23:36:30 UTC] PHP Notice:  Undefined variable: symbol in /home/ubuntu/workspace/Exams/midterm/program1.php on line 130
[10-Apr-2018 23:36:30 UTC] PHP Notice:  Undefined variable: symbol in /home/ubuntu/workspace/Exams/midterm/program1.php on line 130
[10-Apr-2018 23:36:30 UTC] PHP Notice:  Undefined variable: y in /home/ubuntu/workspace/Exams/midterm/program1.php on line 130
[10-Apr-2018 23:36:30 UTC] PHP Notice:  Undefined variable: symbol in /home/ubuntu/workspace/Exams/midterm/program1.php on line 130
[10-Apr-2018 23:36:30 UTC] PHP Notice:  Undefined variable: symbol in /home/ubuntu/workspace/Exams/midterm/program1.php on line 130
[10-Apr-2018 23:36:30 UTC] PHP Notice:  Undefined variable: y in /home/ubuntu/workspace/Exams/midterm/program1.php on line 100
[10-Apr-2018 23:36:30 UTC] PHP Notice:  Undefined variable: symbol in /home/ubuntu/workspace/Exams/midterm/program1.php on line 100
[10-Apr-2018 23:36:30 UTC] PHP Notice:  Undefined variable: symbol in /home/ubuntu/workspace/Exams/midterm/program1.php on line 100
[10-Apr-2018 23:36:30 UTC] PHP Notice:  Undefined variable: y in /home/ubuntu/workspace/Exams/midterm/program1.php on line 85
[10-Apr-2018 23:36:30 UTC] PHP Notice:  Undefined variable: symbol in /home/ubuntu/workspace/Exams/midterm/program1.php on line 85
[10-Apr-2018 23:36:30 UTC] PHP Notice:  Undefined variable: symbol in /home/ubuntu/workspace/Exams/midterm/program1.php on line 85
[10-Apr-2018 23:36:30 UTC] PHP Notice:  Undefined variable: y in /home/ubuntu/workspace/Exams/midterm/program1.php on line 174
[10-Apr-2018 23:36:30 UTC] PHP Notice:  Undefined variable: symbol in /home/ubuntu/workspace/Exams/midterm/program1.php on line 174
[10-Apr-2018 23:36:30 UTC] PHP Notice:  Undefined variable: symbol in /home/ubuntu/workspace/Exams/midterm/program1.php on line 174
[10-Apr-2018 23:36:30 UTC] PHP Notice:  Undefined variable: y in /home/ubuntu/workspace/Exams/midterm/program1.php on line 85
[10-Apr-2018 23:36:30 UTC] PHP Notice:  Undefined variable: symbol in /home/ubuntu/workspace/Exams/midterm/program1.php on line 85
[10-Apr-2018 23:36:30 UTC] PHP Notice:  Undefined variable: symbol in /home/ubuntu/workspace/Exams/midterm/program1.php on line 85
[10-Apr-2018 23:36:30 UTC] PHP Notice:  Undefined variable: y in /home/ubuntu/workspace/Exams/midterm/program1.php on line 130
[10-Apr-2018 23:36:30 UTC] PHP Notice:  Undefined variable: symbol in /home/ubuntu/workspace/Exams/midterm/program1.php on line 130
[10-Apr-2018 23:36:30 UTC] PHP Notice:  Undefined variable: symbol in /home/ubuntu/workspace/Exams/midterm/program1.php on line 130
[10-Apr-2018 23:36:30 UTC] PHP Notice:  Undefined variable: y in /home/ubuntu/workspace/Exams/midterm/program1.php on line 85
[10-Apr-2018 23:36:30 UTC] PHP Notice:  Undefined variable: symbol in /home/ubuntu/workspace/Exams/midterm/program1.php on line 85
[10-Apr-2018 23:36:30 UTC] PHP Notice:  Undefined variable: symbol in /home/ubuntu/workspace/Exams/midterm/program1.php on line 85
[10-Apr-2018 23:36:30 UTC] PHP Notice:  Undefined variable: y in /home/ubuntu/workspace/Exams/midterm/program1.php on line 100
[10-Apr-2018 23:36:30 UTC] PHP Notice:  Undefined variable: symbol in /home/ubuntu/workspace/Exams/midterm/program1.php on line 100
[10-Apr-2018 23:36:30 UTC] PHP Notice:  Undefined variable: symbol in /home/ubuntu/workspace/Exams/midterm/program1.php on line 100
[10-Apr-2018 23:36:30 UTC] PHP Notice:  Undefined variable: y in /home/ubuntu/workspace/Exams/midterm/program1.php on line 85
[10-Apr-2018 23:36:30 UTC] PHP Notice:  Undefined variable: symbol in /home/ubuntu/workspace/Exams/midterm/program1.php on line 85
[10-Apr-2018 23:36:30 UTC] PHP Notice:  Undefined variable: symbol in /home/ubuntu/workspace/Exams/midterm/program1.php on line 85
