[14-Mar-2018 15:24:29 UTC] PHP Notice:  Undefined index: type in /home/ubuntu/workspace/Labs/4/index.php on line 53
[14-Mar-2018 15:24:29 UTC] PHP Notice:  Undefined index: name in /home/ubuntu/workspace/Labs/4/index.php on line 54
[14-Mar-2018 15:24:29 UTC] PHP Notice:  Undefined index: status in /home/ubuntu/workspace/Labs/4/index.php on line 55
[14-Mar-2018 15:26:10 UTC] PHP Notice:  Undefined index: type in /home/ubuntu/workspace/Labs/4/index.php on line 53
[14-Mar-2018 15:26:10 UTC] PHP Notice:  Undefined index: name in /home/ubuntu/workspace/Labs/4/index.php on line 54
[14-Mar-2018 15:26:10 UTC] PHP Notice:  Undefined index: status in /home/ubuntu/workspace/Labs/4/index.php on line 55
[14-Mar-2018 15:26:10 UTC] PHP Notice:  Undefined variable: table_str in /home/ubuntu/workspace/Labs/4/index.php on line 75
[14-Mar-2018 15:26:20 UTC] PHP Notice:  Undefined variable: table_str in /home/ubuntu/workspace/Labs/4/index.php on line 75
[14-Mar-2018 15:44:11 UTC] PHP Notice:  Undefined index: type in /home/ubuntu/workspace/Labs/4/index.php on line 53
[14-Mar-2018 15:44:11 UTC] PHP Notice:  Undefined index: name in /home/ubuntu/workspace/Labs/4/index.php on line 54
[14-Mar-2018 15:44:11 UTC] PHP Notice:  Undefined index: status in /home/ubuntu/workspace/Labs/4/index.php on line 55
[14-Mar-2018 15:44:14 UTC] PHP Notice:  Undefined index: type in /home/ubuntu/workspace/Labs/4/index.php on line 53
[14-Mar-2018 15:44:14 UTC] PHP Notice:  Undefined index: name in /home/ubuntu/workspace/Labs/4/index.php on line 54
[14-Mar-2018 15:44:14 UTC] PHP Notice:  Undefined index: status in /home/ubuntu/workspace/Labs/4/index.php on line 55
[14-Mar-2018 15:44:27 UTC] PHP Notice:  Undefined index: type in /home/ubuntu/workspace/Labs/4/index.php on line 53
[14-Mar-2018 15:44:27 UTC] PHP Notice:  Undefined index: name in /home/ubuntu/workspace/Labs/4/index.php on line 54
[14-Mar-2018 15:44:27 UTC] PHP Notice:  Undefined index: status in /home/ubuntu/workspace/Labs/4/index.php on line 55
[14-Mar-2018 15:44:44 UTC] PHP Notice:  Undefined index: type in /home/ubuntu/workspace/Labs/4/index.php on line 53
[14-Mar-2018 15:44:44 UTC] PHP Notice:  Undefined index: name in /home/ubuntu/workspace/Labs/4/index.php on line 54
[14-Mar-2018 15:44:44 UTC] PHP Notice:  Undefined index: status in /home/ubuntu/workspace/Labs/4/index.php on line 55
[14-Mar-2018 15:47:24 UTC] PHP Notice:  Undefined index: type in /home/ubuntu/workspace/Labs/4/index.php on line 53
[14-Mar-2018 15:47:24 UTC] PHP Notice:  Undefined index: name in /home/ubuntu/workspace/Labs/4/index.php on line 54
[14-Mar-2018 15:47:24 UTC] PHP Notice:  Undefined index: status in /home/ubuntu/workspace/Labs/4/index.php on line 55
[14-Mar-2018 15:47:24 UTC] PHP Fatal error:  Uncaught PDOException: SQLSTATE[HY000] [1049] Unknown database 'export.sql' in /home/ubuntu/workspace/Labs/4/index.php:85
Stack trace:
#0 /home/ubuntu/workspace/Labs/4/index.php(85): PDO->__construct('mysql:host=0.0....', 'mwolff10', '')
#1 {main}
  thrown in /home/ubuntu/workspace/Labs/4/index.php on line 85
[14-Mar-2018 15:48:38 UTC] PHP Notice:  Undefined index: type in /home/ubuntu/workspace/Labs/4/index.php on line 53
[14-Mar-2018 15:48:38 UTC] PHP Notice:  Undefined index: name in /home/ubuntu/workspace/Labs/4/index.php on line 54
[14-Mar-2018 15:48:38 UTC] PHP Notice:  Undefined index: status in /home/ubuntu/workspace/Labs/4/index.php on line 55
[14-Mar-2018 15:48:41 UTC] PHP Notice:  Undefined index: type in /home/ubuntu/workspace/Labs/4/index.php on line 53
[14-Mar-2018 15:48:41 UTC] PHP Notice:  Undefined index: name in /home/ubuntu/workspace/Labs/4/index.php on line 54
[14-Mar-2018 15:48:41 UTC] PHP Notice:  Undefined index: status in /home/ubuntu/workspace/Labs/4/index.php on line 55
[14-Mar-2018 15:50:35 UTC] PHP Notice:  Undefined index: type in /home/ubuntu/workspace/Labs/4/index.php on line 53
[14-Mar-2018 15:50:35 UTC] PHP Notice:  Undefined index: name in /home/ubuntu/workspace/Labs/4/index.php on line 54
[14-Mar-2018 15:50:35 UTC] PHP Notice:  Undefined index: status in /home/ubuntu/workspace/Labs/4/index.php on line 55
[14-Mar-2018 15:50:38 UTC] PHP Notice:  Undefined index: type in /home/ubuntu/workspace/Labs/4/index.php on line 53
[14-Mar-2018 15:50:38 UTC] PHP Notice:  Undefined index: name in /home/ubuntu/workspace/Labs/4/index.php on line 54
[14-Mar-2018 15:50:38 UTC] PHP Notice:  Undefined index: status in /home/ubuntu/workspace/Labs/4/index.php on line 55
[14-Mar-2018 15:51:05 UTC] PHP Notice:  Undefined index: type in /home/ubuntu/workspace/Labs/4/index.php on line 53
[14-Mar-2018 15:51:05 UTC] PHP Notice:  Undefined index: name in /home/ubuntu/workspace/Labs/4/index.php on line 54
[14-Mar-2018 15:51:05 UTC] PHP Notice:  Undefined index: status in /home/ubuntu/workspace/Labs/4/index.php on line 55
[14-Mar-2018 15:51:05 UTC] PHP Notice:  Undefined variable: table_str in /home/ubuntu/workspace/Labs/4/index.php on line 101
[14-Mar-2018 16:04:39 UTC] PHP Notice:  Undefined index: type in /home/ubuntu/workspace/Labs/4/index.php on line 53
[14-Mar-2018 16:04:39 UTC] PHP Notice:  Undefined index: name in /home/ubuntu/workspace/Labs/4/index.php on line 54
[14-Mar-2018 16:04:39 UTC] PHP Notice:  Undefined index: status in /home/ubuntu/workspace/Labs/4/index.php on line 55
[14-Mar-2018 16:04:39 UTC] PHP Notice:  Undefined variable: table_str in /home/ubuntu/workspace/Labs/4/index.php on line 101
